[ 2017-04-06T10:31:59+08:00 ] 127.0.0.1 /
INFO: [ app_init ] --START--
INFO: Run Behavior\BuildLiteBehavior [ RunTime:0.000000s ]
INFO: [ app_init ] --END-- [ RunTime:0.019002s ]
INFO: [ app_begin ] --START--
INFO: Run Behavior\ReadHtmlCacheBehavior [ RunTime:0.001000s ]
INFO: [ app_begin ] --END-- [ RunTime:0.001000s ]
SQL: SHOW COLUMNS FROM `haoidcn_time` [ RunTime:0.0240s ]
SQL: SELECT * FROM `haoidcn_time` LIMIT 1   [ RunTime:0.0000s ]
SQL: SHOW COLUMNS FROM `haoidcn_user` [ RunTime:0.0280s ]
SQL: SELECT * FROM `haoidcn_user` WHERE ( limits='3' )  [ RunTime:0.0070s ]
SQL: SHOW COLUMNS FROM `haoidcn_work` [ RunTime:0.0130s ]
SQL: SELECT * FROM `haoidcn_work` WHERE (  wc_sataus='1' or wc_sataus='2' )  [ RunTime:0.0000s ]
INFO: [ view_parse ] --START--
INFO: [ template_filter ] --START--
INFO: Run Behavior\ContentReplaceBehavior [ RunTime:0.000000s ]
INFO: [ template_filter ] --END-- [ RunTime:0.000000s ]
INFO: Run Behavior\ParseTemplateBehavior [ RunTime:0.064004s ]
INFO: [ view_parse ] --END-- [ RunTime:0.064004s ]
INFO: [ view_filter ] --START--
INFO: Run Behavior\WriteHtmlCacheBehavior [ RunTime:0.003000s ]
INFO: [ view_filter ] --END-- [ RunTime:0.003000s ]
INFO: [ app_end ] --START--
INFO: Run Behavior\ShowPageTraceBehavior [ RunTime:0.013001s ]
INFO: [ app_end ] --END-- [ RunTime:0.013001s ]

[ 2017-04-06T10:32:02+08:00 ] 127.0.0.1 /?
INFO: [ app_init ] --START--
INFO: Run Behavior\BuildLiteBehavior [ RunTime:0.000000s ]
INFO: [ app_init ] --END-- [ RunTime:0.000000s ]
INFO: [ app_begin ] --START--
INFO: Run Behavior\ReadHtmlCacheBehavior [ RunTime:0.002000s ]
INFO: [ app_begin ] --END-- [ RunTime:0.002000s ]
SQL: SHOW COLUMNS FROM `haoidcn_time` [ RunTime:0.0040s ]
SQL: SELECT * FROM `haoidcn_time` LIMIT 1   [ RunTime:0.0000s ]
SQL: SHOW COLUMNS FROM `haoidcn_user` [ RunTime:0.0040s ]
SQL: SELECT * FROM `haoidcn_user` WHERE ( limits='3' )  [ RunTime:0.0000s ]
SQL: SHOW COLUMNS FROM `haoidcn_work` [ RunTime:0.0030s ]
SQL: SELECT * FROM `haoidcn_work` WHERE (  wc_sataus='1' or wc_sataus='2' )  [ RunTime:0.0000s ]
SQL: SHOW COLUMNS FROM `haoidcn_user` [ RunTime:0.0030s ]
SQL: SELECT * FROM `haoidcn_user` WHERE ( (userid='admin' or email='admin' or phone='admin') AND pwd='7fef6171469e80d32c0559f88b377245' ) LIMIT 1   [ RunTime:0.0000s ]

[ 2017-04-06T10:32:03+08:00 ] 127.0.0.1 /index.php/Console/dashboard.html
INFO: [ app_init ] --START--
INFO: Run Behavior\BuildLiteBehavior [ RunTime:0.000000s ]
INFO: [ app_init ] --END-- [ RunTime:0.000000s ]
INFO: [ app_begin ] --START--
INFO: Run Behavior\ReadHtmlCacheBehavior [ RunTime:0.001000s ]
INFO: [ app_begin ] --END-- [ RunTime:0.001000s ]
NOTIC: [8] A session had already been started - ignoring session_start() C:\xampp\htdocs\ysjr\haoidcn\Admin\Controller\CommonController.class.php 第 11 行.
SQL: SHOW COLUMNS FROM `haoidcn_user` [ RunTime:0.0040s ]
SQL: SELECT * FROM `haoidcn_user` WHERE ( userid='admin' ) LIMIT 1   [ RunTime:0.0160s ]
SQL: SHOW COLUMNS FROM `haoidcn_user` [ RunTime:0.0080s ]
SQL: SHOW COLUMNS FROM `haoidcn_user_money_info` [ RunTime:0.0350s ]
SQL: SHOW COLUMNS FROM `haoidcn_bank_info` [ RunTime:0.0250s ]
SQL: SHOW COLUMNS FROM `haoidcn_user_work` [ RunTime:0.0240s ]
SQL: SELECT `id` FROM `haoidcn_user` WHERE ( limits=2 )  [ RunTime:0.0000s ]
SQL: select * from haoidcn_user_money_info as a left join haoidcn_user_work as b ON a.phone=b.phone where is_adopt=0 [ RunTime:0.0170s ]
SQL: SELECT * FROM `haoidcn_user` WHERE ( limits=3 and city='承德市' ) LIMIT 1   [ RunTime:0.0010s ]
SQL: SELECT * FROM `haoidcn_user` WHERE ( id='10' ) LIMIT 1   [ RunTime:0.0010s ]
SQL: UPDATE `haoidcn_user_money_info` SET `loan_people`='shenhe01(审)' WHERE ( is_adopt = 0  and phone='15128937771' ) [ RunTime:0.0000s ]
SQL: SELECT * FROM `haoidcn_user` WHERE ( limits=3 and city='贵港市' ) LIMIT 1   [ RunTime:0.0000s ]
SQL: SELECT * FROM `haoidcn_user` WHERE ( id='8' ) LIMIT 1   [ RunTime:0.0010s ]
SQL: UPDATE `haoidcn_user_money_info` SET `loan_people`='shenhe02(审)' WHERE ( is_adopt = 0  and phone='18078048136' ) [ RunTime:0.0010s ]
SQL: SELECT * FROM `haoidcn_user` WHERE ( limits=3 and city='市辖区' ) LIMIT 1   [ RunTime:0.0000s ]
SQL: SELECT * FROM `haoidcn_user` WHERE ( id='11' ) LIMIT 1   [ RunTime:0.0010s ]
SQL: UPDATE `haoidcn_user_money_info` SET `loan_people`='shenhe03(审)' WHERE ( is_adopt = 0  and phone='13896333391' ) [ RunTime:0.0010s ]
SQL: SELECT * FROM `haoidcn_user` WHERE ( limits=3 and city='太原市' ) LIMIT 1   [ RunTime:0.0000s ]
SQL: SELECT * FROM `haoidcn_user` WHERE ( id='10' ) LIMIT 1   [ RunTime:0.0010s ]
SQL: UPDATE `haoidcn_user_money_info` SET `loan_people`='shenhe01(审)' WHERE ( is_adopt = 0  and phone='13934591555' ) [ RunTime:0.0000s ]
SQL: SELECT * FROM `haoidcn_user` WHERE ( limits=3 and city='南宁市' ) LIMIT 1   [ RunTime:0.0010s ]
SQL: SELECT * FROM `haoidcn_user` WHERE ( id='8' ) LIMIT 1   [ RunTime:0.0000s ]
SQL: UPDATE `haoidcn_user_money_info` SET `loan_people`='shenhe02(审)' WHERE ( is_adopt = 0  and phone='15778305523' ) [ RunTime:0.0010s ]
SQL: SELECT * FROM `haoidcn_user` WHERE ( limits=3 and city='成都市' ) LIMIT 1   [ RunTime:0.0000s ]
SQL: SELECT * FROM `haoidcn_user` WHERE ( id='11' ) LIMIT 1   [ RunTime:0.0000s ]
SQL: UPDATE `haoidcn_user_money_info` SET `loan_people`='shenhe03(审)' WHERE ( is_adopt = 0  and phone='18308241587' ) [ RunTime:0.0010s ]
SQL: SELECT * FROM `haoidcn_user` WHERE ( limits=3 and city='成都市' ) LIMIT 1   [ RunTime:0.0000s ]
SQL: SELECT * FROM `haoidcn_user` WHERE ( id='10' ) LIMIT 1   [ RunTime:0.0010s ]
SQL: UPDATE `haoidcn_user_money_info` SET `loan_people`='shenhe01(审)' WHERE ( is_adopt = 0  and phone='15902807744' ) [ RunTime:0.0000s ]
SQL: SELECT * FROM `haoidcn_user` WHERE ( limits=3 and city='台州市' ) LIMIT 1   [ RunTime:0.0010s ]
SQL: SELECT * FROM `haoidcn_user` WHERE ( id='8' ) LIMIT 1   [ RunTime:0.0000s ]
SQL: UPDATE `haoidcn_user_money_info` SET `loan_people`='shenhe02(审)' WHERE ( is_adopt = 0  and phone='13221617730' ) [ RunTime:0.0010s ]
SQL: SELECT * FROM `haoidcn_user` WHERE ( limits=3 and city='吕梁市' ) LIMIT 1   [ RunTime:0.0000s ]
SQL: SELECT * FROM `haoidcn_user` WHERE ( id='11' ) LIMIT 1   [ RunTime:0.0010s ]
SQL: UPDATE `haoidcn_user_money_info` SET `loan_people`='shenhe03(审)' WHERE ( is_adopt = 0  and phone='18135411117' ) [ RunTime:0.0000s ]
SQL: SELECT * FROM `haoidcn_user` WHERE ( limits=3 and city='深圳市' ) LIMIT 1   [ RunTime:0.0000s ]
SQL: SELECT * FROM `haoidcn_user` WHERE ( id='10' ) LIMIT 1   [ RunTime:0.0000s ]
SQL: UPDATE `haoidcn_user_money_info` SET `loan_people`='shenhe01(审)' WHERE ( is_adopt = 0  and phone='13713669836' ) [ RunTime:0.0000s ]
SQL: SELECT * FROM `haoidcn_user` WHERE ( limits=3 and city='泉州市' ) LIMIT 1   [ RunTime:0.0000s ]
SQL: UPDATE `haoidcn_user_money_info` SET `loan_people`='daili02(代)' WHERE ( is_adopt = 0 and phone='13805946646' ) [ RunTime:0.0000s ]
SQL: SELECT * FROM `haoidcn_user` WHERE ( limits=3 and city='马鞍山市' ) LIMIT 1   [ RunTime:0.0000s ]
SQL: SELECT * FROM `haoidcn_user` WHERE ( id='8' ) LIMIT 1   [ RunTime:0.0000s ]
SQL: UPDATE `haoidcn_user_money_info` SET `loan_people`='shenhe02(审)' WHERE ( is_adopt = 0  and phone='15555581612' ) [ RunTime:0.0010s ]
SQL: SELECT * FROM `haoidcn_user` WHERE ( limits=3 and city='衡阳市' ) LIMIT 1   [ RunTime:0.0000s ]
SQL: SELECT * FROM `haoidcn_user` WHERE ( id='11' ) LIMIT 1   [ RunTime:0.0010s ]
SQL: UPDATE `haoidcn_user_money_info` SET `loan_people`='shenhe03(审)' WHERE ( is_adopt = 0  and phone='15115487856' ) [ RunTime:0.0000s ]
SQL: SELECT * FROM `haoidcn_user` WHERE ( limits=3 and city='海口市' ) LIMIT 1   [ RunTime:0.0010s ]
SQL: SELECT * FROM `haoidcn_user` WHERE ( id='10' ) LIMIT 1   [ RunTime:0.0000s ]
SQL: UPDATE `haoidcn_user_money_info` SET `loan_people`='shenhe01(审)' WHERE ( is_adopt = 0  and phone='13658248456' ) [ RunTime:0.0010s ]
SQL: SELECT * FROM `haoidcn_user` WHERE ( limits=3 and city='沈阳市' ) LIMIT 1   [ RunTime:0.0000s ]
SQL: SELECT * FROM `haoidcn_user` WHERE ( id='8' ) LIMIT 1   [ RunTime:0.0010s ]
SQL: UPDATE `haoidcn_user_money_info` SET `loan_people`='shenhe02(审)' WHERE ( is_adopt = 0  and phone='13840045083' ) [ RunTime:0.0000s ]
SQL: SELECT * FROM `haoidcn_user` WHERE ( limits=3 and city='河源市' ) LIMIT 1   [ RunTime:0.0010s ]
SQL: SELECT * FROM `haoidcn_user` WHERE ( id='11' ) LIMIT 1   [ RunTime:0.0000s ]
SQL: UPDATE `haoidcn_user_money_info` SET `loan_people`='shenhe03(审)' WHERE ( is_adopt = 0  and phone='18316916783' ) [ RunTime:0.0000s ]
SQL: SELECT * FROM `haoidcn_user` WHERE ( limits=3 and city='市辖区' ) LIMIT 1   [ RunTime:0.0000s ]
SQL: SELECT * FROM `haoidcn_user` WHERE ( id='10' ) LIMIT 1   [ RunTime:0.0000s ]
SQL: UPDATE `haoidcn_user_money_info` SET `loan_people`='shenhe01(审)' WHERE ( is_adopt = 0  and phone='18182208512' ) [ RunTime:0.0010s ]
SQL: SELECT * FROM `haoidcn_user` WHERE ( limits=3 and city='' ) LIMIT 1   [ RunTime:0.0000s ]
SQL: SELECT * FROM `haoidcn_user` WHERE ( id='8' ) LIMIT 1   [ RunTime:0.0010s ]
SQL: UPDATE `haoidcn_user_money_info` SET `loan_people`='shenhe02(审)' WHERE ( is_adopt = 0  and phone='' ) [ RunTime:0.0000s ]
SQL: SHOW COLUMNS FROM `haoidcn_xuesheng` [ RunTime:0.0290s ]
SQL: SELECT * FROM `haoidcn_xuesheng` INNER JOIN haoidcn_user_money_info as a ON haoidcn_xuesheng.phone=a.phone  WHERE ( a.is_adopt=0 )  [ RunTime:0.0000s ]
SQL: SHOW COLUMNS FROM `haoidcn_payment_list` [ RunTime:0.0300s ]
SQL: SELECT * FROM `haoidcn_payment_list`  [ RunTime:0.0010s ]
SQL: UPDATE `haoidcn_payment_list` SET `is_overdue`='1',`yuqi_time`='203' WHERE ( id='4' ) [ RunTime:0.0000s ]
SQL: UPDATE `haoidcn_payment_list` SET `is_overdue`='1',`yuqi_time`='191' WHERE ( id='6' ) [ RunTime:0.0000s ]
SQL: UPDATE `haoidcn_payment_list` SET `is_overdue`='1',`yuqi_time`='17262' WHERE ( id='7' ) [ RunTime:0.0000s ]
SQL: SELECT COUNT(*) AS tp_count FROM `haoidcn_bank_info` WHERE ( is_payment=0 ) LIMIT 1   [ RunTime:0.0100s ]
NOTIC: [8] Undefined variable: Page C:\xampp\htdocs\ysjr\haoidcn\Admin\Controller\CommonController.class.php 第 96 行.
NOTIC: [8] Trying to get property of non-object C:\xampp\htdocs\ysjr\haoidcn\Admin\Controller\CommonController.class.php 第 96 行.
NOTIC: [8] Undefined variable: Page C:\xampp\htdocs\ysjr\haoidcn\Admin\Controller\CommonController.class.php 第 96 行.
NOTIC: [8] Trying to get property of non-object C:\xampp\htdocs\ysjr\haoidcn\Admin\Controller\CommonController.class.php 第 96 行.
SQL: SELECT COUNT(*) AS tp_count FROM `haoidcn_user_money_info` INNER JOIN haoidcn_user_mobile ON haoidcn_user_money_info.phone=haoidcn_user_mobile.phone INNER JOIN haoidcn_weixin_img ON haoidcn_user_money_info.openid=haoidcn_weixin_img.openid  WHERE ( haoidcn_user_money_info.is_adopt=0 and haoidcn_user_money_info.is_adopt!=-1 and haoidcn_user_money_info.is_adopt!=3 ) ORDER BY apply_time desc LIMIT 1   [ RunTime:0.0470s ]
SQL: SELECT COUNT(*) AS tp_count FROM `haoidcn_user_money_info` INNER JOIN haoidcn_bank_info as a ON haoidcn_user_money_info.phone=a.phone INNER JOIN haoidcn_service as b ON haoidcn_user_money_info.phone=b.phone  WHERE ( state=1 and is_payment=1 and is_loan=0  and is_adopt=1 and a.condition=0 and repayment_state=0 ) LIMIT 1   [ RunTime:0.0160s ]
SQL: SELECT COUNT(*) AS tp_count FROM `haoidcn_payment_list` WHERE ( is_repayment=0 ) LIMIT 1   [ RunTime:0.0010s ]
INFO: [ view_parse ] --START--
INFO: [ template_filter ] --START--
INFO: Run Behavior\ContentReplaceBehavior [ RunTime:0.001000s ]
INFO: [ template_filter ] --END-- [ RunTime:0.001000s ]
NOTIC: [8] Undefined variable: data C:\xampp\htdocs\ysjr\haoidcn\Runtime\Cache\Admin\1896c1cf806f2d66e648efcc3142bdb7.php 第 67 行.
NOTIC: [8] Undefined variable: data C:\xampp\htdocs\ysjr\haoidcn\Runtime\Cache\Admin\1896c1cf806f2d66e648efcc3142bdb7.php 第 71 行.
NOTIC: [8] Undefined variable: data C:\xampp\htdocs\ysjr\haoidcn\Runtime\Cache\Admin\1896c1cf806f2d66e648efcc3142bdb7.php 第 72 行.
NOTIC: [8] Undefined variable: data C:\xampp\htdocs\ysjr\haoidcn\Runtime\Cache\Admin\1896c1cf806f2d66e648efcc3142bdb7.php 第 73 行.
NOTIC: [8] Undefined variable: data C:\xampp\htdocs\ysjr\haoidcn\Runtime\Cache\Admin\1896c1cf806f2d66e648efcc3142bdb7.php 第 74 行.
NOTIC: [8] Undefined variable: data C:\xampp\htdocs\ysjr\haoidcn\Runtime\Cache\Admin\1896c1cf806f2d66e648efcc3142bdb7.php 第 79 行.
NOTIC: [8] Undefined variable: data C:\xampp\htdocs\ysjr\haoidcn\Runtime\Cache\Admin\1896c1cf806f2d66e648efcc3142bdb7.php 第 80 行.
NOTIC: [8] Undefined variable: data C:\xampp\htdocs\ysjr\haoidcn\Runtime\Cache\Admin\1896c1cf806f2d66e648efcc3142bdb7.php 第 81 行.
NOTIC: [8] Undefined variable: data C:\xampp\htdocs\ysjr\haoidcn\Runtime\Cache\Admin\1896c1cf806f2d66e648efcc3142bdb7.php 第 85 行.
NOTIC: [8] Undefined variable: data C:\xampp\htdocs\ysjr\haoidcn\Runtime\Cache\Admin\1896c1cf806f2d66e648efcc3142bdb7.php 第 91 行.
NOTIC: [8] Undefined variable: data C:\xampp\htdocs\ysjr\haoidcn\Runtime\Cache\Admin\1896c1cf806f2d66e648efcc3142bdb7.php 第 92 行.
NOTIC: [8] Undefined variable: data C:\xampp\htdocs\ysjr\haoidcn\Runtime\Cache\Admin\1896c1cf806f2d66e648efcc3142bdb7.php 第 99 行.
NOTIC: [8] Undefined variable: data C:\xampp\htdocs\ysjr\haoidcn\Runtime\Cache\Admin\1896c1cf806f2d66e648efcc3142bdb7.php 第 106 行.
NOTIC: [8] Undefined variable: data C:\xampp\htdocs\ysjr\haoidcn\Runtime\Cache\Admin\1896c1cf806f2d66e648efcc3142bdb7.php 第 116 行.
NOTIC: [8] Undefined variable: data C:\xampp\htdocs\ysjr\haoidcn\Runtime\Cache\Admin\1896c1cf806f2d66e648efcc3142bdb7.php 第 122 行.
NOTIC: [8] Undefined variable: data C:\xampp\htdocs\ysjr\haoidcn\Runtime\Cache\Admin\1896c1cf806f2d66e648efcc3142bdb7.php 第 123 行.
NOTIC: [8] Undefined variable: data C:\xampp\htdocs\ysjr\haoidcn\Runtime\Cache\Admin\1896c1cf806f2d66e648efcc3142bdb7.php 第 124 行.
NOTIC: [8] Undefined variable: data C:\xampp\htdocs\ysjr\haoidcn\Runtime\Cache\Admin\1896c1cf806f2d66e648efcc3142bdb7.php 第 131 行.
NOTIC: [8] Undefined variable: data C:\xampp\htdocs\ysjr\haoidcn\Runtime\Cache\Admin\1896c1cf806f2d66e648efcc3142bdb7.php 第 134 行.
NOTIC: [8] Undefined variable: data C:\xampp\htdocs\ysjr\haoidcn\Runtime\Cache\Admin\1896c1cf806f2d66e648efcc3142bdb7.php 第 135 行.
NOTIC: [8] Undefined variable: data C:\xampp\htdocs\ysjr\haoidcn\Runtime\Cache\Admin\1896c1cf806f2d66e648efcc3142bdb7.php 第 136 行.
NOTIC: [8] Undefined variable: data C:\xampp\htdocs\ysjr\haoidcn\Runtime\Cache\Admin\1896c1cf806f2d66e648efcc3142bdb7.php 第 137 行.
NOTIC: [8] Undefined variable: data C:\xampp\htdocs\ysjr\haoidcn\Runtime\Cache\Admin\1896c1cf806f2d66e648efcc3142bdb7.php 第 141 行.
NOTIC: [8] Undefined variable: data C:\xampp\htdocs\ysjr\haoidcn\Runtime\Cache\Admin\1896c1cf806f2d66e648efcc3142bdb7.php 第 142 行.
NOTIC: [8] Undefined variable: data C:\xampp\htdocs\ysjr\haoidcn\Runtime\Cache\Admin\1896c1cf806f2d66e648efcc3142bdb7.php 第 143 行.
NOTIC: [8] Undefined variable: data C:\xampp\htdocs\ysjr\haoidcn\Runtime\Cache\Admin\1896c1cf806f2d66e648efcc3142bdb7.php 第 144 行.
NOTIC: [8] Undefined variable: data C:\xampp\htdocs\ysjr\haoidcn\Runtime\Cache\Admin\1896c1cf806f2d66e648efcc3142bdb7.php 第 148 行.
NOTIC: [8] Undefined variable: data C:\xampp\htdocs\ysjr\haoidcn\Runtime\Cache\Admin\1896c1cf806f2d66e648efcc3142bdb7.php 第 149 行.
NOTIC: [8] Undefined variable: data C:\xampp\htdocs\ysjr\haoidcn\Runtime\Cache\Admin\1896c1cf806f2d66e648efcc3142bdb7.php 第 150 行.
NOTIC: [8] Undefined variable: data C:\xampp\htdocs\ysjr\haoidcn\Runtime\Cache\Admin\1896c1cf806f2d66e648efcc3142bdb7.php 第 151 行.
NOTIC: [8] Undefined variable: data C:\xampp\htdocs\ysjr\haoidcn\Runtime\Cache\Admin\1896c1cf806f2d66e648efcc3142bdb7.php 第 152 行.
NOTIC: [8] Undefined variable: data C:\xampp\htdocs\ysjr\haoidcn\Runtime\Cache\Admin\1896c1cf806f2d66e648efcc3142bdb7.php 第 153 行.
NOTIC: [8] Undefined variable: data C:\xampp\htdocs\ysjr\haoidcn\Runtime\Cache\Admin\1896c1cf806f2d66e648efcc3142bdb7.php 第 154 行.
NOTIC: [8] Undefined variable: data C:\xampp\htdocs\ysjr\haoidcn\Runtime\Cache\Admin\1896c1cf806f2d66e648efcc3142bdb7.php 第 158 行.
NOTIC: [8] Undefined variable: data C:\xampp\htdocs\ysjr\haoidcn\Runtime\Cache\Admin\1896c1cf806f2d66e648efcc3142bdb7.php 第 159 行.
NOTIC: [8] Undefined variable: data C:\xampp\htdocs\ysjr\haoidcn\Runtime\Cache\Admin\1896c1cf806f2d66e648efcc3142bdb7.php 第 160 行.
NOTIC: [8] Undefined variable: data C:\xampp\htdocs\ysjr\haoidcn\Runtime\Cache\Admin\1896c1cf806f2d66e648efcc3142bdb7.php 第 161 行.
NOTIC: [8] Undefined variable: data C:\xampp\htdocs\ysjr\haoidcn\Runtime\Cache\Admin\1896c1cf806f2d66e648efcc3142bdb7.php 第 166 行.
NOTIC: [8] Undefined variable: data C:\xampp\htdocs\ysjr\haoidcn\Runtime\Cache\Admin\1896c1cf806f2d66e648efcc3142bdb7.php 第 167 行.
NOTIC: [8] Undefined variable: data C:\xampp\htdocs\ysjr\haoidcn\Runtime\Cache\Admin\1896c1cf806f2d66e648efcc3142bdb7.php 第 168 行.
NOTIC: [8] Undefined variable: data C:\xampp\htdocs\ysjr\haoidcn\Runtime\Cache\Admin\1896c1cf806f2d66e648efcc3142bdb7.php 第 172 行.
NOTIC: [8] Undefined variable: data C:\xampp\htdocs\ysjr\haoidcn\Runtime\Cache\Admin\1896c1cf806f2d66e648efcc3142bdb7.php 第 173 行.
NOTIC: [8] Undefined variable: data C:\xampp\htdocs\ysjr\haoidcn\Runtime\Cache\Admin\1896c1cf806f2d66e648efcc3142bdb7.php 第 174 行.
NOTIC: [8] Undefined variable: data C:\xampp\htdocs\ysjr\haoidcn\Runtime\Cache\Admin\1896c1cf806f2d66e648efcc3142bdb7.php 第 175 行.
NOTIC: [8] Undefined variable: data C:\xampp\htdocs\ysjr\haoidcn\Runtime\Cache\Admin\1896c1cf806f2d66e648efcc3142bdb7.php 第 176 行.
NOTIC: [8] Undefined variable: data C:\xampp\htdocs\ysjr\haoidcn\Runtime\Cache\Admin\1896c1cf806f2d66e648efcc3142bdb7.php 第 177 行.
NOTIC: [8] Undefined variable: data C:\xampp\htdocs\ysjr\haoidcn\Runtime\Cache\Admin\1896c1cf806f2d66e648efcc3142bdb7.php 第 178 行.
NOTIC: [8] Undefined variable: data C:\xampp\htdocs\ysjr\haoidcn\Runtime\Cache\Admin\1896c1cf806f2d66e648efcc3142bdb7.php 第 179 行.
NOTIC: [8] Undefined variable: data C:\xampp\htdocs\ysjr\haoidcn\Runtime\Cache\Admin\1896c1cf806f2d66e648efcc3142bdb7.php 第 180 行.
INFO: Run Behavior\ParseTemplateBehavior [ RunTime:0.033002s ]
INFO: [ view_parse ] --END-- [ RunTime:0.033002s ]
INFO: [ view_filter ] --START--
INFO: Run Behavior\WriteHtmlCacheBehavior [ RunTime:0.002000s ]
INFO: [ view_filter ] --END-- [ RunTime:0.002000s ]
INFO: [ app_end ] --START--
INFO: Run Behavior\ShowPageTraceBehavior [ RunTime:0.002000s ]
INFO: [ app_end ] --END-- [ RunTime:0.002000s ]

[ 2017-04-06T16:01:20+08:00 ] 127.0.0.1 /index.php/Admin/s_manage.html
INFO: [ app_init ] --START--
INFO: Run Behavior\BuildLiteBehavior [ RunTime:0.000000s ]
INFO: [ app_init ] --END-- [ RunTime:0.365020s ]
INFO: [ app_begin ] --START--
INFO: Run Behavior\ReadHtmlCacheBehavior [ RunTime:0.049003s ]
INFO: [ app_begin ] --END-- [ RunTime:0.049003s ]
NOTIC: [8] A session had already been started - ignoring session_start() C:\xampp\htdocs\ysjr\haoidcn\Admin\Controller\CommonController.class.php 第 11 行.
SQL: SHOW COLUMNS FROM `haoidcn_user` [ RunTime:1.8081s ]
SQL: SELECT * FROM `haoidcn_user` WHERE ( userid='admin' ) LIMIT 1   [ RunTime:0.5760s ]
SQL: SHOW COLUMNS FROM `haoidcn_user` [ RunTime:0.0080s ]
SQL: SHOW COLUMNS FROM `haoidcn_user_money_info` [ RunTime:0.0240s ]
SQL: SHOW COLUMNS FROM `haoidcn_bank_info` [ RunTime:0.0080s ]
SQL: SHOW COLUMNS FROM `haoidcn_user_work` [ RunTime:0.0150s ]
SQL: SELECT `id` FROM `haoidcn_user` WHERE ( limits=2 )  [ RunTime:0.0270s ]
SQL: select * from haoidcn_user_money_info as a left join haoidcn_user_work as b ON a.phone=b.phone where is_adopt=0 [ RunTime:0.0360s ]
SQL: SELECT * FROM `haoidcn_user` WHERE ( limits=3 and city='承德市' ) LIMIT 1   [ RunTime:0.0260s ]
SQL: SELECT * FROM `haoidcn_user` WHERE ( id='10' ) LIMIT 1   [ RunTime:0.0390s ]
SQL: UPDATE `haoidcn_user_money_info` SET `loan_people`='shenhe01(审)' WHERE ( is_adopt = 0  and phone='15128937771' ) [ RunTime:0.0440s ]
SQL: SELECT * FROM `haoidcn_user` WHERE ( limits=3 and city='贵港市' ) LIMIT 1   [ RunTime:0.0010s ]
SQL: SELECT * FROM `haoidcn_user` WHERE ( id='8' ) LIMIT 1   [ RunTime:0.0000s ]
SQL: UPDATE `haoidcn_user_money_info` SET `loan_people`='shenhe02(审)' WHERE ( is_adopt = 0  and phone='18078048136' ) [ RunTime:0.0000s ]
SQL: SELECT * FROM `haoidcn_user` WHERE ( limits=3 and city='市辖区' ) LIMIT 1   [ RunTime:0.0000s ]
SQL: SELECT * FROM `haoidcn_user` WHERE ( id='11' ) LIMIT 1   [ RunTime:0.0010s ]
SQL: UPDATE `haoidcn_user_money_info` SET `loan_people`='shenhe03(审)' WHERE ( is_adopt = 0  and phone='13896333391' ) [ RunTime:0.0010s ]
SQL: SELECT * FROM `haoidcn_user` WHERE ( limits=3 and city='太原市' ) LIMIT 1   [ RunTime:0.0000s ]
SQL: SELECT * FROM `haoidcn_user` WHERE ( id='10' ) LIMIT 1   [ RunTime:0.0010s ]
SQL: UPDATE `haoidcn_user_money_info` SET `loan_people`='shenhe01(审)' WHERE ( is_adopt = 0  and phone='13934591555' ) [ RunTime:0.0000s ]
SQL: SELECT * FROM `haoidcn_user` WHERE ( limits=3 and city='南宁市' ) LIMIT 1   [ RunTime:0.0000s ]
SQL: SELECT * FROM `haoidcn_user` WHERE ( id='8' ) LIMIT 1   [ RunTime:0.0000s ]
SQL: UPDATE `haoidcn_user_money_info` SET `loan_people`='shenhe02(审)' WHERE ( is_adopt = 0  and phone='15778305523' ) [ RunTime:0.0000s ]
SQL: SELECT * FROM `haoidcn_user` WHERE ( limits=3 and city='成都市' ) LIMIT 1   [ RunTime:0.0010s ]
SQL: SELECT * FROM `haoidcn_user` WHERE ( id='11' ) LIMIT 1   [ RunTime:0.0000s ]
SQL: UPDATE `haoidcn_user_money_info` SET `loan_people`='shenhe03(审)' WHERE ( is_adopt = 0  and phone='18308241587' ) [ RunTime:0.0010s ]
SQL: SELECT * FROM `haoidcn_user` WHERE ( limits=3 and city='成都市' ) LIMIT 1   [ RunTime:0.0000s ]
SQL: SELECT * FROM `haoidcn_user` WHERE ( id='10' ) LIMIT 1   [ RunTime:0.0000s ]
SQL: UPDATE `haoidcn_user_money_info` SET `loan_people`='shenhe01(审)' WHERE ( is_adopt = 0  and phone='15902807744' ) [ RunTime:0.0010s ]
SQL: SELECT * FROM `haoidcn_user` WHERE ( limits=3 and city='台州市' ) LIMIT 1   [ RunTime:0.0020s ]
SQL: SELECT * FROM `haoidcn_user` WHERE ( id='8' ) LIMIT 1   [ RunTime:0.0000s ]
SQL: UPDATE `haoidcn_user_money_info` SET `loan_people`='shenhe02(审)' WHERE ( is_adopt = 0  and phone='13221617730' ) [ RunTime:0.0080s ]
SQL: SELECT * FROM `haoidcn_user` WHERE ( limits=3 and city='吕梁市' ) LIMIT 1   [ RunTime:0.0010s ]
SQL: SELECT * FROM `haoidcn_user` WHERE ( id='11' ) LIMIT 1   [ RunTime:0.0010s ]
SQL: UPDATE `haoidcn_user_money_info` SET `loan_people`='shenhe03(审)' WHERE ( is_adopt = 0  and phone='18135411117' ) [ RunTime:0.0000s ]
SQL: SELECT * FROM `haoidcn_user` WHERE ( limits=3 and city='深圳市' ) LIMIT 1   [ RunTime:0.0000s ]
SQL: SELECT * FROM `haoidcn_user` WHERE ( id='10' ) LIMIT 1   [ RunTime:0.0010s ]
SQL: UPDATE `haoidcn_user_money_info` SET `loan_people`='shenhe01(审)' WHERE ( is_adopt = 0  and phone='13713669836' ) [ RunTime:0.0000s ]
SQL: SELECT * FROM `haoidcn_user` WHERE ( limits=3 and city='泉州市' ) LIMIT 1   [ RunTime:0.0000s ]
SQL: UPDATE `haoidcn_user_money_info` SET `loan_people`='daili02(代)' WHERE ( is_adopt = 0 and phone='13805946646' ) [ RunTime:0.0010s ]
SQL: SELECT * FROM `haoidcn_user` WHERE ( limits=3 and city='马鞍山市' ) LIMIT 1   [ RunTime:0.0000s ]
SQL: SELECT * FROM `haoidcn_user` WHERE ( id='8' ) LIMIT 1   [ RunTime:0.0010s ]
SQL: UPDATE `haoidcn_user_money_info` SET `loan_people`='shenhe02(审)' WHERE ( is_adopt = 0  and phone='15555581612' ) [ RunTime:0.0010s ]
SQL: SELECT * FROM `haoidcn_user` WHERE ( limits=3 and city='衡阳市' ) LIMIT 1   [ RunTime:0.0000s ]
SQL: SELECT * FROM `haoidcn_user` WHERE ( id='11' ) LIMIT 1   [ RunTime:0.0010s ]
SQL: UPDATE `haoidcn_user_money_info` SET `loan_people`='shenhe03(审)' WHERE ( is_adopt = 0  and phone='15115487856' ) [ RunTime:0.0000s ]
SQL: SELECT * FROM `haoidcn_user` WHERE ( limits=3 and city='海口市' ) LIMIT 1   [ RunTime:0.0010s ]
SQL: SELECT * FROM `haoidcn_user` WHERE ( id='10' ) LIMIT 1   [ RunTime:0.0000s ]
SQL: UPDATE `haoidcn_user_money_info` SET `loan_people`='shenhe01(审)' WHERE ( is_adopt = 0  and phone='13658248456' ) [ RunTime:0.0000s ]
SQL: SELECT * FROM `haoidcn_user` WHERE ( limits=3 and city='沈阳市' ) LIMIT 1   [ RunTime:0.0010s ]
SQL: SELECT * FROM `haoidcn_user` WHERE ( id='8' ) LIMIT 1   [ RunTime:0.0000s ]
SQL: UPDATE `haoidcn_user_money_info` SET `loan_people`='shenhe02(审)' WHERE ( is_adopt = 0  and phone='13840045083' ) [ RunTime:0.0000s ]
SQL: SELECT * FROM `haoidcn_user` WHERE ( limits=3 and city='河源市' ) LIMIT 1   [ RunTime:0.0010s ]
SQL: SELECT * FROM `haoidcn_user` WHERE ( id='11' ) LIMIT 1   [ RunTime:0.0000s ]
SQL: UPDATE `haoidcn_user_money_info` SET `loan_people`='shenhe03(审)' WHERE ( is_adopt = 0  and phone='18316916783' ) [ RunTime:0.0010s ]
SQL: SELECT * FROM `haoidcn_user` WHERE ( limits=3 and city='市辖区' ) LIMIT 1   [ RunTime:0.0000s ]
SQL: SELECT * FROM `haoidcn_user` WHERE ( id='10' ) LIMIT 1   [ RunTime:0.0000s ]
SQL: UPDATE `haoidcn_user_money_info` SET `loan_people`='shenhe01(审)' WHERE ( is_adopt = 0  and phone='18182208512' ) [ RunTime:0.0010s ]
SQL: SELECT * FROM `haoidcn_user` WHERE ( limits=3 and city='' ) LIMIT 1   [ RunTime:0.0000s ]
SQL: SELECT * FROM `haoidcn_user` WHERE ( id='8' ) LIMIT 1   [ RunTime:0.0010s ]
SQL: UPDATE `haoidcn_user_money_info` SET `loan_people`='shenhe02(审)' WHERE ( is_adopt = 0  and phone='' ) [ RunTime:0.0010s ]
SQL: SHOW COLUMNS FROM `haoidcn_xuesheng` [ RunTime:0.0160s ]
SQL: SELECT * FROM `haoidcn_xuesheng` INNER JOIN haoidcn_user_money_info as a ON haoidcn_xuesheng.phone=a.phone  WHERE ( a.is_adopt=0 )  [ RunTime:0.0150s ]
SQL: SHOW COLUMNS FROM `haoidcn_payment_list` [ RunTime:0.0140s ]
SQL: SELECT * FROM `haoidcn_payment_list`  [ RunTime:0.0270s ]
SQL: UPDATE `haoidcn_payment_list` SET `is_overdue`='1',`yuqi_time`='203' WHERE ( id='4' ) [ RunTime:0.0010s ]
SQL: UPDATE `haoidcn_payment_list` SET `is_overdue`='1',`yuqi_time`='191' WHERE ( id='6' ) [ RunTime:0.0000s ]
SQL: UPDATE `haoidcn_payment_list` SET `is_overdue`='1',`yuqi_time`='17262' WHERE ( id='7' ) [ RunTime:0.0000s ]
SQL: SELECT COUNT(*) AS tp_count FROM `haoidcn_bank_info` WHERE ( is_payment=0 ) LIMIT 1   [ RunTime:0.0380s ]
NOTIC: [8] Undefined variable: Page C:\xampp\htdocs\ysjr\haoidcn\Admin\Controller\CommonController.class.php 第 96 行.
NOTIC: [8] Trying to get property of non-object C:\xampp\htdocs\ysjr\haoidcn\Admin\Controller\CommonController.class.php 第 96 行.
NOTIC: [8] Undefined variable: Page C:\xampp\htdocs\ysjr\haoidcn\Admin\Controller\CommonController.class.php 第 96 行.
NOTIC: [8] Trying to get property of non-object C:\xampp\htdocs\ysjr\haoidcn\Admin\Controller\CommonController.class.php 第 96 行.
SQL: SELECT COUNT(*) AS tp_count FROM `haoidcn_user_money_info` INNER JOIN haoidcn_user_mobile ON haoidcn_user_money_info.phone=haoidcn_user_mobile.phone INNER JOIN haoidcn_weixin_img ON haoidcn_user_money_info.openid=haoidcn_weixin_img.openid  WHERE ( haoidcn_user_money_info.is_adopt=0 and haoidcn_user_money_info.is_adopt!=-1 and haoidcn_user_money_info.is_adopt!=3 ) ORDER BY apply_time desc LIMIT 1   [ RunTime:0.1210s ]
SQL: SELECT COUNT(*) AS tp_count FROM `haoidcn_user_money_info` INNER JOIN haoidcn_bank_info as a ON haoidcn_user_money_info.phone=a.phone INNER JOIN haoidcn_service as b ON haoidcn_user_money_info.phone=b.phone  WHERE ( state=1 and is_payment=1 and is_loan=0  and is_adopt=1 and a.condition=0 and repayment_state=0 ) LIMIT 1   [ RunTime:0.0350s ]
SQL: SELECT COUNT(*) AS tp_count FROM `haoidcn_payment_list` WHERE ( is_repayment=0 ) LIMIT 1   [ RunTime:0.0000s ]
SQL: SELECT * FROM `haoidcn_user` WHERE ( userid='admin' ) LIMIT 1   [ RunTime:0.0010s ]
SQL: SELECT * FROM `haoidcn_user`  [ RunTime:0.0000s ]
SQL: SHOW COLUMNS FROM `haoidcn_service` [ RunTime:0.0070s ]
SQL: SHOW COLUMNS FROM `haoidcn_user_info` [ RunTime:0.1350s ]
SQL: SELECT COUNT(*) AS tp_count FROM `haoidcn_service` LIMIT 1   [ RunTime:0.0010s ]
SQL: SELECT * FROM `haoidcn_service` INNER JOIN haoidcn_user_money_info as b ON haoidcn_service.phone=b.phone  ORDER BY haoidcn_service.id desc LIMIT 0,10   [ RunTime:0.0020s ]
SQL: SELECT * FROM `haoidcn_user_info` WHERE ( phone='18182208512' ) LIMIT 1   [ RunTime:0.0230s ]
SQL: SELECT * FROM `haoidcn_user_info` WHERE ( phone='18316916783' ) LIMIT 1   [ RunTime:0.0010s ]
SQL: SELECT * FROM `haoidcn_user_info` WHERE ( phone='13840045083' ) LIMIT 1   [ RunTime:0.0000s ]
SQL: SELECT * FROM `haoidcn_user_info` WHERE ( phone='18030094706' ) LIMIT 1   [ RunTime:0.0010s ]
SQL: SELECT * FROM `haoidcn_user_info` WHERE ( phone='15860583309' ) LIMIT 1   [ RunTime:0.0000s ]
SQL: SELECT * FROM `haoidcn_user_info` WHERE ( phone='15778305523' ) LIMIT 1   [ RunTime:0.0010s ]
SQL: SELECT * FROM `haoidcn_user_info` WHERE ( phone='13645926886' ) LIMIT 1   [ RunTime:0.0010s ]
SQL: SELECT * FROM `haoidcn_user_info` WHERE ( phone='13081187050' ) LIMIT 1   [ RunTime:0.0000s ]
SQL: SELECT * FROM `haoidcn_user_info` WHERE ( phone='13658248456' ) LIMIT 1   [ RunTime:0.0010s ]
SQL: SELECT * FROM `haoidcn_user_info` WHERE ( phone='18228159595' ) LIMIT 1   [ RunTime:0.0000s ]
INFO: [ view_parse ] --START--
INFO: [ template_filter ] --START--
INFO: Run Behavior\ContentReplaceBehavior [ RunTime:0.000000s ]
INFO: [ template_filter ] --END-- [ RunTime:0.000000s ]
NOTIC: [8] Undefined variable: set C:\xampp\htdocs\ysjr\haoidcn\Runtime\Cache\Admin\2217e4089eafbb9d672f9048deb355c6.php 第 82 行.
NOTIC: [8] Undefined index: sh_two02 C:\xampp\htdocs\ysjr\haoidcn\Runtime\Cache\Admin\2217e4089eafbb9d672f9048deb355c6.php 第 92 行.
NOTIC: [8] Undefined index: sh_two03 C:\xampp\htdocs\ysjr\haoidcn\Runtime\Cache\Admin\2217e4089eafbb9d672f9048deb355c6.php 第 97 行.
NOTIC: [8] Undefined index: sh_two04 C:\xampp\htdocs\ysjr\haoidcn\Runtime\Cache\Admin\2217e4089eafbb9d672f9048deb355c6.php 第 98 行.
NOTIC: [8] Undefined index: sh_two05 C:\xampp\htdocs\ysjr\haoidcn\Runtime\Cache\Admin\2217e4089eafbb9d672f9048deb355c6.php 第 99 行.
NOTIC: [8] Undefined index: sh_two C:\xampp\htdocs\ysjr\haoidcn\Runtime\Cache\Admin\2217e4089eafbb9d672f9048deb355c6.php 第 103 行.
NOTIC: [8] Undefined index: sh_block1 C:\xampp\htdocs\ysjr\haoidcn\Runtime\Cache\Admin\2217e4089eafbb9d672f9048deb355c6.php 第 109 行.
NOTIC: [8] Undefined index: sh_two06 C:\xampp\htdocs\ysjr\haoidcn\Runtime\Cache\Admin\2217e4089eafbb9d672f9048deb355c6.php 第 110 行.
NOTIC: [8] Undefined index: sh_two07 C:\xampp\htdocs\ysjr\haoidcn\Runtime\Cache\Admin\2217e4089eafbb9d672f9048deb355c6.php 第 117 行.
NOTIC: [8] Undefined index: sh_two09 C:\xampp\htdocs\ysjr\haoidcn\Runtime\Cache\Admin\2217e4089eafbb9d672f9048deb355c6.php 第 124 行.
NOTIC: [8] Undefined index: sh_three C:\xampp\htdocs\ysjr\haoidcn\Runtime\Cache\Admin\2217e4089eafbb9d672f9048deb355c6.php 第 134 行.
NOTIC: [8] Undefined index: sh_block2 C:\xampp\htdocs\ysjr\haoidcn\Runtime\Cache\Admin\2217e4089eafbb9d672f9048deb355c6.php 第 140 行.
NOTIC: [8] Undefined index: sh_two10 C:\xampp\htdocs\ysjr\haoidcn\Runtime\Cache\Admin\2217e4089eafbb9d672f9048deb355c6.php 第 141 行.
NOTIC: [8] Undefined index: sh_two11 C:\xampp\htdocs\ysjr\haoidcn\Runtime\Cache\Admin\2217e4089eafbb9d672f9048deb355c6.php 第 142 行.
NOTIC: [8] Undefined index: sh_two12 C:\xampp\htdocs\ysjr\haoidcn\Runtime\Cache\Admin\2217e4089eafbb9d672f9048deb355c6.php 第 149 行.
NOTIC: [8] Undefined index: sh_four C:\xampp\htdocs\ysjr\haoidcn\Runtime\Cache\Admin\2217e4089eafbb9d672f9048deb355c6.php 第 152 行.
NOTIC: [8] Undefined index: sh_block3 C:\xampp\htdocs\ysjr\haoidcn\Runtime\Cache\Admin\2217e4089eafbb9d672f9048deb355c6.php 第 153 行.
NOTIC: [8] Undefined index: sh_two13 C:\xampp\htdocs\ysjr\haoidcn\Runtime\Cache\Admin\2217e4089eafbb9d672f9048deb355c6.php 第 154 行.
NOTIC: [8] Undefined index: sh_two14 C:\xampp\htdocs\ysjr\haoidcn\Runtime\Cache\Admin\2217e4089eafbb9d672f9048deb355c6.php 第 155 行.
NOTIC: [8] Undefined index: sh_five C:\xampp\htdocs\ysjr\haoidcn\Runtime\Cache\Admin\2217e4089eafbb9d672f9048deb355c6.php 第 159 行.
NOTIC: [8] Undefined index: sh_block4 C:\xampp\htdocs\ysjr\haoidcn\Runtime\Cache\Admin\2217e4089eafbb9d672f9048deb355c6.php 第 160 行.
NOTIC: [8] Undefined index: sh_two15 C:\xampp\htdocs\ysjr\haoidcn\Runtime\Cache\Admin\2217e4089eafbb9d672f9048deb355c6.php 第 161 行.
NOTIC: [8] Undefined index: sh_two16 C:\xampp\htdocs\ysjr\haoidcn\Runtime\Cache\Admin\2217e4089eafbb9d672f9048deb355c6.php 第 162 行.
NOTIC: [8] Undefined index: sh_six C:\xampp\htdocs\ysjr\haoidcn\Runtime\Cache\Admin\2217e4089eafbb9d672f9048deb355c6.php 第 166 行.
NOTIC: [8] Undefined index: sh_block5 C:\xampp\htdocs\ysjr\haoidcn\Runtime\Cache\Admin\2217e4089eafbb9d672f9048deb355c6.php 第 167 行.
NOTIC: [8] Undefined index: sh_two17 C:\xampp\htdocs\ysjr\haoidcn\Runtime\Cache\Admin\2217e4089eafbb9d672f9048deb355c6.php 第 168 行.
NOTIC: [8] Undefined index: sh_two18 C:\xampp\htdocs\ysjr\haoidcn\Runtime\Cache\Admin\2217e4089eafbb9d672f9048deb355c6.php 第 169 行.
NOTIC: [8] Undefined index: sh_two19 C:\xampp\htdocs\ysjr\haoidcn\Runtime\Cache\Admin\2217e4089eafbb9d672f9048deb355c6.php 第 170 行.
NOTIC: [8] Undefined index: sh C:\xampp\htdocs\ysjr\haoidcn\Runtime\Cache\Admin\2217e4089eafbb9d672f9048deb355c6.php 第 171 行.
NOTIC: [8] Undefined index: sh_two20 C:\xampp\htdocs\ysjr\haoidcn\Runtime\Cache\Admin\2217e4089eafbb9d672f9048deb355c6.php 第 172 行.
NOTIC: [8] Undefined index: aa C:\xampp\htdocs\ysjr\haoidcn\Runtime\Cache\Admin\2217e4089eafbb9d672f9048deb355c6.php 第 176 行.
NOTIC: [8] Undefined index: sh_block7 C:\xampp\htdocs\ysjr\haoidcn\Runtime\Cache\Admin\2217e4089eafbb9d672f9048deb355c6.php 第 177 行.
NOTIC: [8] Undefined index: sh_two30 C:\xampp\htdocs\ysjr\haoidcn\Runtime\Cache\Admin\2217e4089eafbb9d672f9048deb355c6.php 第 178 行.
NOTIC: [8] Undefined index: sh_two31 C:\xampp\htdocs\ysjr\haoidcn\Runtime\Cache\Admin\2217e4089eafbb9d672f9048deb355c6.php 第 179 行.
NOTIC: [8] Undefined index: bb C:\xampp\htdocs\ysjr\haoidcn\Runtime\Cache\Admin\2217e4089eafbb9d672f9048deb355c6.php 第 184 行.
NOTIC: [8] Undefined index: sh_block8 C:\xampp\htdocs\ysjr\haoidcn\Runtime\Cache\Admin\2217e4089eafbb9d672f9048deb355c6.php 第 185 行.
NOTIC: [8] Undefined index: sh_two32 C:\xampp\htdocs\ysjr\haoidcn\Runtime\Cache\Admin\2217e4089eafbb9d672f9048deb355c6.php 第 186 行.
NOTIC: [8] Undefined index: sh_seven C:\xampp\htdocs\ysjr\haoidcn\Runtime\Cache\Admin\2217e4089eafbb9d672f9048deb355c6.php 第 190 行.
NOTIC: [8] Undefined index: sh_block6 C:\xampp\htdocs\ysjr\haoidcn\Runtime\Cache\Admin\2217e4089eafbb9d672f9048deb355c6.php 第 191 行.
NOTIC: [8] Undefined index: sh_two21 C:\xampp\htdocs\ysjr\haoidcn\Runtime\Cache\Admin\2217e4089eafbb9d672f9048deb355c6.php 第 192 行.
NOTIC: [8] Undefined index: sh_two23 C:\xampp\htdocs\ysjr\haoidcn\Runtime\Cache\Admin\2217e4089eafbb9d672f9048deb355c6.php 第 193 行.
NOTIC: [8] Undefined index: sh_two24 C:\xampp\htdocs\ysjr\haoidcn\Runtime\Cache\Admin\2217e4089eafbb9d672f9048deb355c6.php 第 194 行.
NOTIC: [8] Undefined index: sh_two28 C:\xampp\htdocs\ysjr\haoidcn\Runtime\Cache\Admin\2217e4089eafbb9d672f9048deb355c6.php 第 195 行.
NOTIC: [8] Undefined index: sh_two29 C:\xampp\htdocs\ysjr\haoidcn\Runtime\Cache\Admin\2217e4089eafbb9d672f9048deb355c6.php 第 196 行.
NOTIC: [8] Undefined index: sh_two26 C:\xampp\htdocs\ysjr\haoidcn\Runtime\Cache\Admin\2217e4089eafbb9d672f9048deb355c6.php 第 197 行.
NOTIC: [8] Undefined index: sh_two27 C:\xampp\htdocs\ysjr\haoidcn\Runtime\Cache\Admin\2217e4089eafbb9d672f9048deb355c6.php 第 198 行.
NOTIC: [8] Undefined variable: type C:\xampp\htdocs\ysjr\haoidcn\Runtime\Cache\Admin\2217e4089eafbb9d672f9048deb355c6.php 第 335 行.
NOTIC: [8] Undefined variable: content C:\xampp\htdocs\ysjr\haoidcn\Runtime\Cache\Admin\2217e4089eafbb9d672f9048deb355c6.php 第 340 行.
NOTIC: [8] Undefined variable: is_adopt C:\xampp\htdocs\ysjr\haoidcn\Runtime\Cache\Admin\2217e4089eafbb9d672f9048deb355c6.php 第 341 行.
NOTIC: [8] Undefined variable: loan_people C:\xampp\htdocs\ysjr\haoidcn\Runtime\Cache\Admin\2217e4089eafbb9d672f9048deb355c6.php 第 350 行.
NOTIC: [8] Undefined variable: info C:\xampp\htdocs\ysjr\haoidcn\Runtime\Cache\Admin\2217e4089eafbb9d672f9048deb355c6.php 第 353 行.
NOTIC: [8] Undefined variable: apply_time1 C:\xampp\htdocs\ysjr\haoidcn\Runtime\Cache\Admin\2217e4089eafbb9d672f9048deb355c6.php 第 355 行.
NOTIC: [8] Undefined variable: apply_time2 C:\xampp\htdocs\ysjr\haoidcn\Runtime\Cache\Admin\2217e4089eafbb9d672f9048deb355c6.php 第 355 行.
NOTIC: [8] Use of undefined constant phone - assumed 'phone' C:\xampp\htdocs\ysjr\haoidcn\Runtime\Cache\Admin\2217e4089eafbb9d672f9048deb355c6.php 第 372 行.
NOTIC: [8] Use of undefined constant phone - assumed 'phone' C:\xampp\htdocs\ysjr\haoidcn\Runtime\Cache\Admin\2217e4089eafbb9d672f9048deb355c6.php 第 372 行.
NOTIC: [8] Use of undefined constant phone - assumed 'phone' C:\xampp\htdocs\ysjr\haoidcn\Runtime\Cache\Admin\2217e4089eafbb9d672f9048deb355c6.php 第 372 行.
NOTIC: [8] Use of undefined constant phone - assumed 'phone' C:\xampp\htdocs\ysjr\haoidcn\Runtime\Cache\Admin\2217e4089eafbb9d672f9048deb355c6.php 第 372 行.
NOTIC: [8] Use of undefined constant phone - assumed 'phone' C:\xampp\htdocs\ysjr\haoidcn\Runtime\Cache\Admin\2217e4089eafbb9d672f9048deb355c6.php 第 372 行.
NOTIC: [8] Use of undefined constant phone - assumed 'phone' C:\xampp\htdocs\ysjr\haoidcn\Runtime\Cache\Admin\2217e4089eafbb9d672f9048deb355c6.php 第 372 行.
NOTIC: [8] Use of undefined constant phone - assumed 'phone' C:\xampp\htdocs\ysjr\haoidcn\Runtime\Cache\Admin\2217e4089eafbb9d672f9048deb355c6.php 第 372 行.
NOTIC: [8] Use of undefined constant phone - assumed 'phone' C:\xampp\htdocs\ysjr\haoidcn\Runtime\Cache\Admin\2217e4089eafbb9d672f9048deb355c6.php 第 372 行.
NOTIC: [8] Use of undefined constant phone - assumed 'phone' C:\xampp\htdocs\ysjr\haoidcn\Runtime\Cache\Admin\2217e4089eafbb9d672f9048deb355c6.php 第 372 行.
NOTIC: [8] Use of undefined constant phone - assumed 'phone' C:\xampp\htdocs\ysjr\haoidcn\Runtime\Cache\Admin\2217e4089eafbb9d672f9048deb355c6.php 第 372 行.
INFO: Run Behavior\ParseTemplateBehavior [ RunTime:1.154066s ]
INFO: [ view_parse ] --END-- [ RunTime:1.154066s ]
INFO: [ view_filter ] --START--
INFO: Run Behavior\WriteHtmlCacheBehavior [ RunTime:0.020002s ]
INFO: [ view_filter ] --END-- [ RunTime:0.020002s ]
INFO: [ app_end ] --START--
INFO: Run Behavior\ShowPageTraceBehavior [ RunTime:0.032002s ]
INFO: [ app_end ] --END-- [ RunTime:0.032002s ]

[ 2017-04-06T17:05:23+08:00 ] 127.0.0.1 /index.php/Admin/user_money_info.html
INFO: [ app_init ] --START--
INFO: Run Behavior\BuildLiteBehavior [ RunTime:0.000000s ]
INFO: [ app_init ] --END-- [ RunTime:0.013000s ]
INFO: [ app_begin ] --START--
INFO: Run Behavior\ReadHtmlCacheBehavior [ RunTime:0.016001s ]
INFO: [ app_begin ] --END-- [ RunTime:0.016001s ]
NOTIC: [8] A session had already been started - ignoring session_start() C:\xampp\htdocs\ysjr\haoidcn\Admin\Controller\CommonController.class.php 第 11 行.
SQL: SHOW COLUMNS FROM `haoidcn_user` [ RunTime:0.0080s ]
SQL: SELECT * FROM `haoidcn_user` WHERE ( userid='admin' ) LIMIT 1   [ RunTime:0.0000s ]
SQL: SHOW COLUMNS FROM `haoidcn_user` [ RunTime:0.0080s ]
SQL: SHOW COLUMNS FROM `haoidcn_user_money_info` [ RunTime:0.0070s ]
SQL: SHOW COLUMNS FROM `haoidcn_bank_info` [ RunTime:0.0050s ]
SQL: SHOW COLUMNS FROM `haoidcn_user_work` [ RunTime:0.0050s ]
SQL: SELECT `id` FROM `haoidcn_user` WHERE ( limits=2 )  [ RunTime:0.0000s ]
SQL: select * from haoidcn_user_money_info as a left join haoidcn_user_work as b ON a.phone=b.phone where is_adopt=0 [ RunTime:0.0090s ]
SQL: SELECT * FROM `haoidcn_user` WHERE ( limits=3 and city='承德市' ) LIMIT 1   [ RunTime:0.0000s ]
SQL: SELECT * FROM `haoidcn_user` WHERE ( id='10' ) LIMIT 1   [ RunTime:0.0000s ]
SQL: UPDATE `haoidcn_user_money_info` SET `loan_people`='shenhe01(审)' WHERE ( is_adopt = 0  and phone='15128937771' ) [ RunTime:0.0000s ]
SQL: SELECT * FROM `haoidcn_user` WHERE ( limits=3 and city='贵港市' ) LIMIT 1   [ RunTime:0.0000s ]
SQL: SELECT * FROM `haoidcn_user` WHERE ( id='8' ) LIMIT 1   [ RunTime:0.0010s ]
SQL: UPDATE `haoidcn_user_money_info` SET `loan_people`='shenhe02(审)' WHERE ( is_adopt = 0  and phone='18078048136' ) [ RunTime:0.0000s ]
SQL: SELECT * FROM `haoidcn_user` WHERE ( limits=3 and city='市辖区' ) LIMIT 1   [ RunTime:0.0010s ]
SQL: SELECT * FROM `haoidcn_user` WHERE ( id='11' ) LIMIT 1   [ RunTime:0.0000s ]
SQL: UPDATE `haoidcn_user_money_info` SET `loan_people`='shenhe03(审)' WHERE ( is_adopt = 0  and phone='13896333391' ) [ RunTime:0.0000s ]
SQL: SELECT * FROM `haoidcn_user` WHERE ( limits=3 and city='太原市' ) LIMIT 1   [ RunTime:0.0010s ]
SQL: SELECT * FROM `haoidcn_user` WHERE ( id='10' ) LIMIT 1   [ RunTime:0.0000s ]
SQL: UPDATE `haoidcn_user_money_info` SET `loan_people`='shenhe01(审)' WHERE ( is_adopt = 0  and phone='13934591555' ) [ RunTime:0.0010s ]
SQL: SELECT * FROM `haoidcn_user` WHERE ( limits=3 and city='南宁市' ) LIMIT 1   [ RunTime:0.0000s ]
SQL: SELECT * FROM `haoidcn_user` WHERE ( id='8' ) LIMIT 1   [ RunTime:0.0000s ]
SQL: UPDATE `haoidcn_user_money_info` SET `loan_people`='shenhe02(审)' WHERE ( is_adopt = 0  and phone='15778305523' ) [ RunTime:0.0010s ]
SQL: SELECT * FROM `haoidcn_user` WHERE ( limits=3 and city='成都市' ) LIMIT 1   [ RunTime:0.0000s ]
SQL: SELECT * FROM `haoidcn_user` WHERE ( id='11' ) LIMIT 1   [ RunTime:0.0000s ]
SQL: UPDATE `haoidcn_user_money_info` SET `loan_people`='shenhe03(审)' WHERE ( is_adopt = 0  and phone='18308241587' ) [ RunTime:0.0000s ]
SQL: SELECT * FROM `haoidcn_user` WHERE ( limits=3 and city='成都市' ) LIMIT 1   [ RunTime:0.0000s ]
SQL: SELECT * FROM `haoidcn_user` WHERE ( id='10' ) LIMIT 1   [ RunTime:0.0010s ]
SQL: UPDATE `haoidcn_user_money_info` SET `loan_people`='shenhe01(审)' WHERE ( is_adopt = 0  and phone='15902807744' ) [ RunTime:0.0000s ]
SQL: SELECT * FROM `haoidcn_user` WHERE ( limits=3 and city='台州市' ) LIMIT 1   [ RunTime:0.0000s ]
SQL: SELECT * FROM `haoidcn_user` WHERE ( id='8' ) LIMIT 1   [ RunTime:0.0010s ]
SQL: UPDATE `haoidcn_user_money_info` SET `loan_people`='shenhe02(审)' WHERE ( is_adopt = 0  and phone='13221617730' ) [ RunTime:0.0000s ]
SQL: SELECT * FROM `haoidcn_user` WHERE ( limits=3 and city='吕梁市' ) LIMIT 1   [ RunTime:0.0000s ]
SQL: SELECT * FROM `haoidcn_user` WHERE ( id='11' ) LIMIT 1   [ RunTime:0.0010s ]
SQL: UPDATE `haoidcn_user_money_info` SET `loan_people`='shenhe03(审)' WHERE ( is_adopt = 0  and phone='18135411117' ) [ RunTime:0.0000s ]
SQL: SELECT * FROM `haoidcn_user` WHERE ( limits=3 and city='深圳市' ) LIMIT 1   [ RunTime:0.0000s ]
SQL: SELECT * FROM `haoidcn_user` WHERE ( id='10' ) LIMIT 1   [ RunTime:0.0010s ]
SQL: UPDATE `haoidcn_user_money_info` SET `loan_people`='shenhe01(审)' WHERE ( is_adopt = 0  and phone='13713669836' ) [ RunTime:0.0000s ]
SQL: SELECT * FROM `haoidcn_user` WHERE ( limits=3 and city='泉州市' ) LIMIT 1   [ RunTime:0.0000s ]
SQL: UPDATE `haoidcn_user_money_info` SET `loan_people`='daili02(代)' WHERE ( is_adopt = 0 and phone='13805946646' ) [ RunTime:0.0010s ]
SQL: SELECT * FROM `haoidcn_user` WHERE ( limits=3 and city='马鞍山市' ) LIMIT 1   [ RunTime:0.0000s ]
SQL: SELECT * FROM `haoidcn_user` WHERE ( id='8' ) LIMIT 1   [ RunTime:0.0000s ]
SQL: UPDATE `haoidcn_user_money_info` SET `loan_people`='shenhe02(审)' WHERE ( is_adopt = 0  and phone='15555581612' ) [ RunTime:0.0010s ]
SQL: SELECT * FROM `haoidcn_user` WHERE ( limits=3 and city='衡阳市' ) LIMIT 1   [ RunTime:0.0000s ]
SQL: SELECT * FROM `haoidcn_user` WHERE ( id='11' ) LIMIT 1   [ RunTime:0.0000s ]
SQL: UPDATE `haoidcn_user_money_info` SET `loan_people`='shenhe03(审)' WHERE ( is_adopt = 0  and phone='15115487856' ) [ RunTime:0.0010s ]
SQL: SELECT * FROM `haoidcn_user` WHERE ( limits=3 and city='海口市' ) LIMIT 1   [ RunTime:0.0000s ]
SQL: SELECT * FROM `haoidcn_user` WHERE ( id='10' ) LIMIT 1   [ RunTime:0.0000s ]
SQL: UPDATE `haoidcn_user_money_info` SET `loan_people`='shenhe01(审)' WHERE ( is_adopt = 0  and phone='13658248456' ) [ RunTime:0.0010s ]
SQL: SELECT * FROM `haoidcn_user` WHERE ( limits=3 and city='沈阳市' ) LIMIT 1   [ RunTime:0.0000s ]
SQL: SELECT * FROM `haoidcn_user` WHERE ( id='8' ) LIMIT 1   [ RunTime:0.0000s ]
SQL: UPDATE `haoidcn_user_money_info` SET `loan_people`='shenhe02(审)' WHERE ( is_adopt = 0  and phone='13840045083' ) [ RunTime:0.0010s ]
SQL: SELECT * FROM `haoidcn_user` WHERE ( limits=3 and city='河源市' ) LIMIT 1   [ RunTime:0.0000s ]
SQL: SELECT * FROM `haoidcn_user` WHERE ( id='11' ) LIMIT 1   [ RunTime:0.0000s ]
SQL: UPDATE `haoidcn_user_money_info` SET `loan_people`='shenhe03(审)' WHERE ( is_adopt = 0  and phone='18316916783' ) [ RunTime:0.0010s ]
SQL: SELECT * FROM `haoidcn_user` WHERE ( limits=3 and city='市辖区' ) LIMIT 1   [ RunTime:0.0000s ]
SQL: SELECT * FROM `haoidcn_user` WHERE ( id='10' ) LIMIT 1   [ RunTime:0.0000s ]
SQL: UPDATE `haoidcn_user_money_info` SET `loan_people`='shenhe01(审)' WHERE ( is_adopt = 0  and phone='18182208512' ) [ RunTime:0.0010s ]
SQL: SELECT * FROM `haoidcn_user` WHERE ( limits=3 and city='' ) LIMIT 1   [ RunTime:0.0000s ]
SQL: SELECT * FROM `haoidcn_user` WHERE ( id='8' ) LIMIT 1   [ RunTime:0.0000s ]
SQL: UPDATE `haoidcn_user_money_info` SET `loan_people`='shenhe02(审)' WHERE ( is_adopt = 0  and phone='' ) [ RunTime:0.0000s ]
SQL: SHOW COLUMNS FROM `haoidcn_xuesheng` [ RunTime:0.0050s ]
SQL: SELECT * FROM `haoidcn_xuesheng` INNER JOIN haoidcn_user_money_info as a ON haoidcn_xuesheng.phone=a.phone  WHERE ( a.is_adopt=0 )  [ RunTime:0.0000s ]
SQL: SHOW COLUMNS FROM `haoidcn_payment_list` [ RunTime:0.0040s ]
SQL: SELECT * FROM `haoidcn_payment_list`  [ RunTime:0.0000s ]
SQL: UPDATE `haoidcn_payment_list` SET `is_overdue`='1',`yuqi_time`='203' WHERE ( id='4' ) [ RunTime:0.0000s ]
SQL: UPDATE `haoidcn_payment_list` SET `is_overdue`='1',`yuqi_time`='191' WHERE ( id='6' ) [ RunTime:0.0000s ]
SQL: UPDATE `haoidcn_payment_list` SET `is_overdue`='1',`yuqi_time`='17262' WHERE ( id='7' ) [ RunTime:0.0000s ]
SQL: SELECT COUNT(*) AS tp_count FROM `haoidcn_bank_info` WHERE ( is_payment=0 ) LIMIT 1   [ RunTime:0.0000s ]
NOTIC: [8] Undefined variable: Page C:\xampp\htdocs\ysjr\haoidcn\Admin\Controller\CommonController.class.php 第 96 行.
NOTIC: [8] Trying to get property of non-object C:\xampp\htdocs\ysjr\haoidcn\Admin\Controller\CommonController.class.php 第 96 行.
NOTIC: [8] Undefined variable: Page C:\xampp\htdocs\ysjr\haoidcn\Admin\Controller\CommonController.class.php 第 96 行.
NOTIC: [8] Trying to get property of non-object C:\xampp\htdocs\ysjr\haoidcn\Admin\Controller\CommonController.class.php 第 96 行.
SQL: SELECT COUNT(*) AS tp_count FROM `haoidcn_user_money_info` INNER JOIN haoidcn_user_mobile ON haoidcn_user_money_info.phone=haoidcn_user_mobile.phone INNER JOIN haoidcn_weixin_img ON haoidcn_user_money_info.openid=haoidcn_weixin_img.openid  WHERE ( haoidcn_user_money_info.is_adopt=0 and haoidcn_user_money_info.is_adopt!=-1 and haoidcn_user_money_info.is_adopt!=3 ) ORDER BY apply_time desc LIMIT 1   [ RunTime:0.0000s ]
SQL: SELECT COUNT(*) AS tp_count FROM `haoidcn_user_money_info` INNER JOIN haoidcn_bank_info as a ON haoidcn_user_money_info.phone=a.phone INNER JOIN haoidcn_service as b ON haoidcn_user_money_info.phone=b.phone  WHERE ( state=1 and is_payment=1 and is_loan=0  and is_adopt=1 and a.condition=0 and repayment_state=0 ) LIMIT 1   [ RunTime:0.0010s ]
SQL: SELECT COUNT(*) AS tp_count FROM `haoidcn_payment_list` WHERE ( is_repayment=0 ) LIMIT 1   [ RunTime:0.0000s ]
SQL: SELECT * FROM `haoidcn_user` WHERE ( userid='admin' ) LIMIT 1   [ RunTime:0.0000s ]
SQL: SELECT COUNT(*) AS tp_count FROM `haoidcn_user_money_info` LIMIT 1   [ RunTime:0.0010s ]
SQL: SELECT * FROM `haoidcn_user_money_info` ORDER BY apply_time desc LIMIT 0,10   [ RunTime:0.0000s ]
INFO: [ view_parse ] --START--
INFO: [ template_filter ] --START--
INFO: Run Behavior\ContentReplaceBehavior [ RunTime:0.000000s ]
INFO: [ template_filter ] --END-- [ RunTime:0.000000s ]
NOTIC: [8] Undefined variable: set C:\xampp\htdocs\ysjr\haoidcn\Runtime\Cache\Admin\80e974f9bdf325fe26d05b4b740200ab.php 第 79 行.
NOTIC: [8] Undefined index: sh_two01 C:\xampp\htdocs\ysjr\haoidcn\Runtime\Cache\Admin\80e974f9bdf325fe26d05b4b740200ab.php 第 87 行.
NOTIC: [8] Undefined index: sh_two01 C:\xampp\htdocs\ysjr\haoidcn\Runtime\Cache\Admin\80e974f9bdf325fe26d05b4b740200ab.php 第 88 行.
NOTIC: [8] Undefined index: sh_two03 C:\xampp\htdocs\ysjr\haoidcn\Runtime\Cache\Admin\80e974f9bdf325fe26d05b4b740200ab.php 第 94 行.
NOTIC: [8] Undefined index: sh_two04 C:\xampp\htdocs\ysjr\haoidcn\Runtime\Cache\Admin\80e974f9bdf325fe26d05b4b740200ab.php 第 95 行.
NOTIC: [8] Undefined index: sh_two05 C:\xampp\htdocs\ysjr\haoidcn\Runtime\Cache\Admin\80e974f9bdf325fe26d05b4b740200ab.php 第 96 行.
NOTIC: [8] Undefined index: sh_two C:\xampp\htdocs\ysjr\haoidcn\Runtime\Cache\Admin\80e974f9bdf325fe26d05b4b740200ab.php 第 100 行.
NOTIC: [8] Undefined index: sh_block1 C:\xampp\htdocs\ysjr\haoidcn\Runtime\Cache\Admin\80e974f9bdf325fe26d05b4b740200ab.php 第 106 行.
NOTIC: [8] Undefined index: sh_two06 C:\xampp\htdocs\ysjr\haoidcn\Runtime\Cache\Admin\80e974f9bdf325fe26d05b4b740200ab.php 第 107 行.
NOTIC: [8] Undefined index: sh_two07 C:\xampp\htdocs\ysjr\haoidcn\Runtime\Cache\Admin\80e974f9bdf325fe26d05b4b740200ab.php 第 114 行.
NOTIC: [8] Undefined index: sh_two09 C:\xampp\htdocs\ysjr\haoidcn\Runtime\Cache\Admin\80e974f9bdf325fe26d05b4b740200ab.php 第 121 行.
NOTIC: [8] Undefined index: sh_three C:\xampp\htdocs\ysjr\haoidcn\Runtime\Cache\Admin\80e974f9bdf325fe26d05b4b740200ab.php 第 131 行.
NOTIC: [8] Undefined index: sh_block2 C:\xampp\htdocs\ysjr\haoidcn\Runtime\Cache\Admin\80e974f9bdf325fe26d05b4b740200ab.php 第 137 行.
NOTIC: [8] Undefined index: sh_two10 C:\xampp\htdocs\ysjr\haoidcn\Runtime\Cache\Admin\80e974f9bdf325fe26d05b4b740200ab.php 第 138 行.
NOTIC: [8] Undefined index: sh_two11 C:\xampp\htdocs\ysjr\haoidcn\Runtime\Cache\Admin\80e974f9bdf325fe26d05b4b740200ab.php 第 139 行.
NOTIC: [8] Undefined index: sh_two12 C:\xampp\htdocs\ysjr\haoidcn\Runtime\Cache\Admin\80e974f9bdf325fe26d05b4b740200ab.php 第 146 行.
NOTIC: [8] Undefined index: sh_four C:\xampp\htdocs\ysjr\haoidcn\Runtime\Cache\Admin\80e974f9bdf325fe26d05b4b740200ab.php 第 149 行.
NOTIC: [8] Undefined index: sh_block3 C:\xampp\htdocs\ysjr\haoidcn\Runtime\Cache\Admin\80e974f9bdf325fe26d05b4b740200ab.php 第 150 行.
NOTIC: [8] Undefined index: sh_two13 C:\xampp\htdocs\ysjr\haoidcn\Runtime\Cache\Admin\80e974f9bdf325fe26d05b4b740200ab.php 第 151 行.
NOTIC: [8] Undefined index: sh_two14 C:\xampp\htdocs\ysjr\haoidcn\Runtime\Cache\Admin\80e974f9bdf325fe26d05b4b740200ab.php 第 152 行.
NOTIC: [8] Undefined index: sh_five C:\xampp\htdocs\ysjr\haoidcn\Runtime\Cache\Admin\80e974f9bdf325fe26d05b4b740200ab.php 第 156 行.
NOTIC: [8] Undefined index: sh_block4 C:\xampp\htdocs\ysjr\haoidcn\Runtime\Cache\Admin\80e974f9bdf325fe26d05b4b740200ab.php 第 157 行.
NOTIC: [8] Undefined index: sh_two15 C:\xampp\htdocs\ysjr\haoidcn\Runtime\Cache\Admin\80e974f9bdf325fe26d05b4b740200ab.php 第 158 行.
NOTIC: [8] Undefined index: sh_two16 C:\xampp\htdocs\ysjr\haoidcn\Runtime\Cache\Admin\80e974f9bdf325fe26d05b4b740200ab.php 第 159 行.
NOTIC: [8] Undefined index: sh_six C:\xampp\htdocs\ysjr\haoidcn\Runtime\Cache\Admin\80e974f9bdf325fe26d05b4b740200ab.php 第 163 行.
NOTIC: [8] Undefined index: sh_block5 C:\xampp\htdocs\ysjr\haoidcn\Runtime\Cache\Admin\80e974f9bdf325fe26d05b4b740200ab.php 第 164 行.
NOTIC: [8] Undefined index: sh_two17 C:\xampp\htdocs\ysjr\haoidcn\Runtime\Cache\Admin\80e974f9bdf325fe26d05b4b740200ab.php 第 165 行.
NOTIC: [8] Undefined index: sh_two18 C:\xampp\htdocs\ysjr\haoidcn\Runtime\Cache\Admin\80e974f9bdf325fe26d05b4b740200ab.php 第 166 行.
NOTIC: [8] Undefined index: sh_two19 C:\xampp\htdocs\ysjr\haoidcn\Runtime\Cache\Admin\80e974f9bdf325fe26d05b4b740200ab.php 第 167 行.
NOTIC: [8] Undefined index: sh C:\xampp\htdocs\ysjr\haoidcn\Runtime\Cache\Admin\80e974f9bdf325fe26d05b4b740200ab.php 第 168 行.
NOTIC: [8] Undefined index: sh_two20 C:\xampp\htdocs\ysjr\haoidcn\Runtime\Cache\Admin\80e974f9bdf325fe26d05b4b740200ab.php 第 169 行.
NOTIC: [8] Undefined index: aa C:\xampp\htdocs\ysjr\haoidcn\Runtime\Cache\Admin\80e974f9bdf325fe26d05b4b740200ab.php 第 173 行.
NOTIC: [8] Undefined index: sh_block7 C:\xampp\htdocs\ysjr\haoidcn\Runtime\Cache\Admin\80e974f9bdf325fe26d05b4b740200ab.php 第 174 行.
NOTIC: [8] Undefined index: sh_two30 C:\xampp\htdocs\ysjr\haoidcn\Runtime\Cache\Admin\80e974f9bdf325fe26d05b4b740200ab.php 第 175 行.
NOTIC: [8] Undefined index: sh_two31 C:\xampp\htdocs\ysjr\haoidcn\Runtime\Cache\Admin\80e974f9bdf325fe26d05b4b740200ab.php 第 176 行.
NOTIC: [8] Undefined index: bb C:\xampp\htdocs\ysjr\haoidcn\Runtime\Cache\Admin\80e974f9bdf325fe26d05b4b740200ab.php 第 181 行.
NOTIC: [8] Undefined index: sh_block8 C:\xampp\htdocs\ysjr\haoidcn\Runtime\Cache\Admin\80e974f9bdf325fe26d05b4b740200ab.php 第 182 行.
NOTIC: [8] Undefined index: sh_two32 C:\xampp\htdocs\ysjr\haoidcn\Runtime\Cache\Admin\80e974f9bdf325fe26d05b4b740200ab.php 第 183 行.
NOTIC: [8] Undefined index: sh_seven C:\xampp\htdocs\ysjr\haoidcn\Runtime\Cache\Admin\80e974f9bdf325fe26d05b4b740200ab.php 第 187 行.
NOTIC: [8] Undefined index: sh_block6 C:\xampp\htdocs\ysjr\haoidcn\Runtime\Cache\Admin\80e974f9bdf325fe26d05b4b740200ab.php 第 188 行.
NOTIC: [8] Undefined index: sh_two21 C:\xampp\htdocs\ysjr\haoidcn\Runtime\Cache\Admin\80e974f9bdf325fe26d05b4b740200ab.php 第 189 行.
NOTIC: [8] Undefined index: sh_two23 C:\xampp\htdocs\ysjr\haoidcn\Runtime\Cache\Admin\80e974f9bdf325fe26d05b4b740200ab.php 第 190 行.
NOTIC: [8] Undefined index: sh_two24 C:\xampp\htdocs\ysjr\haoidcn\Runtime\Cache\Admin\80e974f9bdf325fe26d05b4b740200ab.php 第 191 行.
NOTIC: [8] Undefined index: sh_two28 C:\xampp\htdocs\ysjr\haoidcn\Runtime\Cache\Admin\80e974f9bdf325fe26d05b4b740200ab.php 第 192 行.
NOTIC: [8] Undefined index: sh_two29 C:\xampp\htdocs\ysjr\haoidcn\Runtime\Cache\Admin\80e974f9bdf325fe26d05b4b740200ab.php 第 193 行.
NOTIC: [8] Undefined index: sh_two26 C:\xampp\htdocs\ysjr\haoidcn\Runtime\Cache\Admin\80e974f9bdf325fe26d05b4b740200ab.php 第 194 行.
NOTIC: [8] Undefined index: sh_two27 C:\xampp\htdocs\ysjr\haoidcn\Runtime\Cache\Admin\80e974f9bdf325fe26d05b4b740200ab.php 第 195 行.
INFO: Run Behavior\ParseTemplateBehavior [ RunTime:0.036002s ]
INFO: [ view_parse ] --END-- [ RunTime:0.036002s ]
INFO: [ view_filter ] --START--
INFO: Run Behavior\WriteHtmlCacheBehavior [ RunTime:0.013000s ]
INFO: [ view_filter ] --END-- [ RunTime:0.013000s ]
INFO: [ app_end ] --START--
INFO: Run Behavior\ShowPageTraceBehavior [ RunTime:0.020002s ]
INFO: [ app_end ] --END-- [ RunTime:0.020002s ]

[ 2017-04-06T17:09:43+08:00 ] 127.0.0.1 /index.php/Article/problem_list.html
INFO: [ app_init ] --START--
INFO: Run Behavior\BuildLiteBehavior [ RunTime:0.000000s ]
INFO: [ app_init ] --END-- [ RunTime:0.004000s ]
INFO: [ app_begin ] --START--
INFO: Run Behavior\ReadHtmlCacheBehavior [ RunTime:0.012001s ]
INFO: [ app_begin ] --END-- [ RunTime:0.012001s ]
NOTIC: [8] A session had already been started - ignoring session_start() C:\xampp\htdocs\ysjr\haoidcn\Admin\Controller\CommonController.class.php 第 11 行.
SQL: SHOW COLUMNS FROM `haoidcn_user` [ RunTime:0.0080s ]
SQL: SELECT * FROM `haoidcn_user` WHERE ( userid='admin' ) LIMIT 1   [ RunTime:0.0010s ]
SQL: SHOW COLUMNS FROM `haoidcn_user` [ RunTime:0.0080s ]
SQL: SHOW COLUMNS FROM `haoidcn_user_money_info` [ RunTime:0.0080s ]
SQL: SHOW COLUMNS FROM `haoidcn_bank_info` [ RunTime:0.0080s ]
SQL: SHOW COLUMNS FROM `haoidcn_user_work` [ RunTime:0.0030s ]
SQL: SELECT `id` FROM `haoidcn_user` WHERE ( limits=2 )  [ RunTime:0.0010s ]
SQL: select * from haoidcn_user_money_info as a left join haoidcn_user_work as b ON a.phone=b.phone where is_adopt=0 [ RunTime:0.0000s ]
SQL: SELECT * FROM `haoidcn_user` WHERE ( limits=3 and city='承德市' ) LIMIT 1   [ RunTime:0.0010s ]
SQL: SELECT * FROM `haoidcn_user` WHERE ( id='10' ) LIMIT 1   [ RunTime:0.0000s ]
SQL: UPDATE `haoidcn_user_money_info` SET `loan_people`='shenhe01(审)' WHERE ( is_adopt = 0  and phone='15128937771' ) [ RunTime:0.0000s ]
SQL: SELECT * FROM `haoidcn_user` WHERE ( limits=3 and city='贵港市' ) LIMIT 1   [ RunTime:0.0000s ]
SQL: SELECT * FROM `haoidcn_user` WHERE ( id='8' ) LIMIT 1   [ RunTime:0.0000s ]
SQL: UPDATE `haoidcn_user_money_info` SET `loan_people`='shenhe02(审)' WHERE ( is_adopt = 0  and phone='18078048136' ) [ RunTime:0.0000s ]
SQL: SELECT * FROM `haoidcn_user` WHERE ( limits=3 and city='市辖区' ) LIMIT 1   [ RunTime:0.0000s ]
SQL: SELECT * FROM `haoidcn_user` WHERE ( id='11' ) LIMIT 1   [ RunTime:0.0000s ]
SQL: UPDATE `haoidcn_user_money_info` SET `loan_people`='shenhe03(审)' WHERE ( is_adopt = 0  and phone='13896333391' ) [ RunTime:0.0000s ]
SQL: SELECT * FROM `haoidcn_user` WHERE ( limits=3 and city='太原市' ) LIMIT 1   [ RunTime:0.0010s ]
SQL: SELECT * FROM `haoidcn_user` WHERE ( id='10' ) LIMIT 1   [ RunTime:0.0000s ]
SQL: UPDATE `haoidcn_user_money_info` SET `loan_people`='shenhe01(审)' WHERE ( is_adopt = 0  and phone='13934591555' ) [ RunTime:0.0000s ]
SQL: SELECT * FROM `haoidcn_user` WHERE ( limits=3 and city='南宁市' ) LIMIT 1   [ RunTime:0.0010s ]
SQL: SELECT * FROM `haoidcn_user` WHERE ( id='8' ) LIMIT 1   [ RunTime:0.0000s ]
SQL: UPDATE `haoidcn_user_money_info` SET `loan_people`='shenhe02(审)' WHERE ( is_adopt = 0  and phone='15778305523' ) [ RunTime:0.0000s ]
SQL: SELECT * FROM `haoidcn_user` WHERE ( limits=3 and city='成都市' ) LIMIT 1   [ RunTime:0.0000s ]
SQL: SELECT * FROM `haoidcn_user` WHERE ( id='11' ) LIMIT 1   [ RunTime:0.0010s ]
SQL: UPDATE `haoidcn_user_money_info` SET `loan_people`='shenhe03(审)' WHERE ( is_adopt = 0  and phone='18308241587' ) [ RunTime:0.0000s ]
SQL: SELECT * FROM `haoidcn_user` WHERE ( limits=3 and city='成都市' ) LIMIT 1   [ RunTime:0.0000s ]
SQL: SELECT * FROM `haoidcn_user` WHERE ( id='10' ) LIMIT 1   [ RunTime:0.0000s ]
SQL: UPDATE `haoidcn_user_money_info` SET `loan_people`='shenhe01(审)' WHERE ( is_adopt = 0  and phone='15902807744' ) [ RunTime:0.0000s ]
SQL: SELECT * FROM `haoidcn_user` WHERE ( limits=3 and city='台州市' ) LIMIT 1   [ RunTime:0.0000s ]
SQL: SELECT * FROM `haoidcn_user` WHERE ( id='8' ) LIMIT 1   [ RunTime:0.0000s ]
SQL: UPDATE `haoidcn_user_money_info` SET `loan_people`='shenhe02(审)' WHERE ( is_adopt = 0  and phone='13221617730' ) [ RunTime:0.0010s ]
SQL: SELECT * FROM `haoidcn_user` WHERE ( limits=3 and city='吕梁市' ) LIMIT 1   [ RunTime:0.0000s ]
SQL: SELECT * FROM `haoidcn_user` WHERE ( id='11' ) LIMIT 1   [ RunTime:0.0000s ]
SQL: UPDATE `haoidcn_user_money_info` SET `loan_people`='shenhe03(审)' WHERE ( is_adopt = 0  and phone='18135411117' ) [ RunTime:0.0010s ]
SQL: SELECT * FROM `haoidcn_user` WHERE ( limits=3 and city='深圳市' ) LIMIT 1   [ RunTime:0.0000s ]
SQL: SELECT * FROM `haoidcn_user` WHERE ( id='10' ) LIMIT 1   [ RunTime:0.0000s ]
SQL: UPDATE `haoidcn_user_money_info` SET `loan_people`='shenhe01(审)' WHERE ( is_adopt = 0  and phone='13713669836' ) [ RunTime:0.0000s ]
SQL: SELECT * FROM `haoidcn_user` WHERE ( limits=3 and city='泉州市' ) LIMIT 1   [ RunTime:0.0000s ]
SQL: UPDATE `haoidcn_user_money_info` SET `loan_people`='daili02(代)' WHERE ( is_adopt = 0 and phone='13805946646' ) [ RunTime:0.0000s ]
SQL: SELECT * FROM `haoidcn_user` WHERE ( limits=3 and city='马鞍山市' ) LIMIT 1   [ RunTime:0.0000s ]
SQL: SELECT * FROM `haoidcn_user` WHERE ( id='8' ) LIMIT 1   [ RunTime:0.0010s ]
SQL: UPDATE `haoidcn_user_money_info` SET `loan_people`='shenhe02(审)' WHERE ( is_adopt = 0  and phone='15555581612' ) [ RunTime:0.0000s ]
SQL: SELECT * FROM `haoidcn_user` WHERE ( limits=3 and city='衡阳市' ) LIMIT 1   [ RunTime:0.0000s ]
SQL: SELECT * FROM `haoidcn_user` WHERE ( id='11' ) LIMIT 1   [ RunTime:0.0010s ]
SQL: UPDATE `haoidcn_user_money_info` SET `loan_people`='shenhe03(审)' WHERE ( is_adopt = 0  and phone='15115487856' ) [ RunTime:0.0000s ]
SQL: SELECT * FROM `haoidcn_user` WHERE ( limits=3 and city='海口市' ) LIMIT 1   [ RunTime:0.0000s ]
SQL: SELECT * FROM `haoidcn_user` WHERE ( id='10' ) LIMIT 1   [ RunTime:0.0000s ]
SQL: UPDATE `haoidcn_user_money_info` SET `loan_people`='shenhe01(审)' WHERE ( is_adopt = 0  and phone='13658248456' ) [ RunTime:0.0010s ]
SQL: SELECT * FROM `haoidcn_user` WHERE ( limits=3 and city='沈阳市' ) LIMIT 1   [ RunTime:0.0000s ]
SQL: SELECT * FROM `haoidcn_user` WHERE ( id='8' ) LIMIT 1   [ RunTime:0.0000s ]
SQL: UPDATE `haoidcn_user_money_info` SET `loan_people`='shenhe02(审)' WHERE ( is_adopt = 0  and phone='13840045083' ) [ RunTime:0.0010s ]
SQL: SELECT * FROM `haoidcn_user` WHERE ( limits=3 and city='河源市' ) LIMIT 1   [ RunTime:0.0000s ]
SQL: SELECT * FROM `haoidcn_user` WHERE ( id='11' ) LIMIT 1   [ RunTime:0.0000s ]
SQL: UPDATE `haoidcn_user_money_info` SET `loan_people`='shenhe03(审)' WHERE ( is_adopt = 0  and phone='18316916783' ) [ RunTime:0.0000s ]
SQL: SELECT * FROM `haoidcn_user` WHERE ( limits=3 and city='市辖区' ) LIMIT 1   [ RunTime:0.0000s ]
SQL: SELECT * FROM `haoidcn_user` WHERE ( id='10' ) LIMIT 1   [ RunTime:0.0000s ]
SQL: UPDATE `haoidcn_user_money_info` SET `loan_people`='shenhe01(审)' WHERE ( is_adopt = 0  and phone='18182208512' ) [ RunTime:0.0000s ]
SQL: SELECT * FROM `haoidcn_user` WHERE ( limits=3 and city='' ) LIMIT 1   [ RunTime:0.0010s ]
SQL: SELECT * FROM `haoidcn_user` WHERE ( id='8' ) LIMIT 1   [ RunTime:0.0000s ]
SQL: UPDATE `haoidcn_user_money_info` SET `loan_people`='shenhe02(审)' WHERE ( is_adopt = 0  and phone='' ) [ RunTime:0.0000s ]
SQL: SHOW COLUMNS FROM `haoidcn_xuesheng` [ RunTime:0.0040s ]
SQL: SELECT * FROM `haoidcn_xuesheng` INNER JOIN haoidcn_user_money_info as a ON haoidcn_xuesheng.phone=a.phone  WHERE ( a.is_adopt=0 )  [ RunTime:0.0010s ]
SQL: SHOW COLUMNS FROM `haoidcn_payment_list` [ RunTime:0.0040s ]
SQL: SELECT * FROM `haoidcn_payment_list`  [ RunTime:0.0000s ]
SQL: UPDATE `haoidcn_payment_list` SET `is_overdue`='1',`yuqi_time`='203' WHERE ( id='4' ) [ RunTime:0.0010s ]
SQL: UPDATE `haoidcn_payment_list` SET `is_overdue`='1',`yuqi_time`='191' WHERE ( id='6' ) [ RunTime:0.0000s ]
SQL: UPDATE `haoidcn_payment_list` SET `is_overdue`='1',`yuqi_time`='17262' WHERE ( id='7' ) [ RunTime:0.0000s ]
SQL: SELECT COUNT(*) AS tp_count FROM `haoidcn_bank_info` WHERE ( is_payment=0 ) LIMIT 1   [ RunTime:0.0000s ]
NOTIC: [8] Undefined variable: Page C:\xampp\htdocs\ysjr\haoidcn\Admin\Controller\CommonController.class.php 第 96 行.
NOTIC: [8] Trying to get property of non-object C:\xampp\htdocs\ysjr\haoidcn\Admin\Controller\CommonController.class.php 第 96 行.
NOTIC: [8] Undefined variable: Page C:\xampp\htdocs\ysjr\haoidcn\Admin\Controller\CommonController.class.php 第 96 行.
NOTIC: [8] Trying to get property of non-object C:\xampp\htdocs\ysjr\haoidcn\Admin\Controller\CommonController.class.php 第 96 行.
SQL: SELECT COUNT(*) AS tp_count FROM `haoidcn_user_money_info` INNER JOIN haoidcn_user_mobile ON haoidcn_user_money_info.phone=haoidcn_user_mobile.phone INNER JOIN haoidcn_weixin_img ON haoidcn_user_money_info.openid=haoidcn_weixin_img.openid  WHERE ( haoidcn_user_money_info.is_adopt=0 and haoidcn_user_money_info.is_adopt!=-1 and haoidcn_user_money_info.is_adopt!=3 ) ORDER BY apply_time desc LIMIT 1   [ RunTime:0.0010s ]
SQL: SELECT COUNT(*) AS tp_count FROM `haoidcn_user_money_info` INNER JOIN haoidcn_bank_info as a ON haoidcn_user_money_info.phone=a.phone INNER JOIN haoidcn_service as b ON haoidcn_user_money_info.phone=b.phone  WHERE ( state=1 and is_payment=1 and is_loan=0  and is_adopt=1 and a.condition=0 and repayment_state=0 ) LIMIT 1   [ RunTime:0.0000s ]
SQL: SELECT COUNT(*) AS tp_count FROM `haoidcn_payment_list` WHERE ( is_repayment=0 ) LIMIT 1   [ RunTime:0.0010s ]
SQL: SHOW COLUMNS FROM `haoidcn_article_problem` [ RunTime:0.3700s ]
SQL: SELECT * FROM `haoidcn_article_problem`  [ RunTime:0.0000s ]
INFO: [ view_parse ] --START--
INFO: [ template_filter ] --START--
INFO: Run Behavior\ContentReplaceBehavior [ RunTime:0.000000s ]
INFO: [ template_filter ] --END-- [ RunTime:0.001000s ]
NOTIC: [8] Undefined variable: set C:\xampp\htdocs\ysjr\haoidcn\Runtime\Cache\Admin\5645a377a11b243df593d634442596d2.php 第 79 行.
NOTIC: [8] Undefined index: sh_one C:\xampp\htdocs\ysjr\haoidcn\Runtime\Cache\Admin\5645a377a11b243df593d634442596d2.php 第 82 行.
NOTIC: [8] Undefined index: sh_block C:\xampp\htdocs\ysjr\haoidcn\Runtime\Cache\Admin\5645a377a11b243df593d634442596d2.php 第 86 行.
NOTIC: [8] Undefined index: sh_two01 C:\xampp\htdocs\ysjr\haoidcn\Runtime\Cache\Admin\5645a377a11b243df593d634442596d2.php 第 87 行.
NOTIC: [8] Undefined index: sh_two01 C:\xampp\htdocs\ysjr\haoidcn\Runtime\Cache\Admin\5645a377a11b243df593d634442596d2.php 第 88 行.
NOTIC: [8] Undefined index: sh_two02 C:\xampp\htdocs\ysjr\haoidcn\Runtime\Cache\Admin\5645a377a11b243df593d634442596d2.php 第 89 行.
NOTIC: [8] Undefined index: sh_two03 C:\xampp\htdocs\ysjr\haoidcn\Runtime\Cache\Admin\5645a377a11b243df593d634442596d2.php 第 94 行.
NOTIC: [8] Undefined index: sh_two04 C:\xampp\htdocs\ysjr\haoidcn\Runtime\Cache\Admin\5645a377a11b243df593d634442596d2.php 第 95 行.
NOTIC: [8] Undefined index: sh_two05 C:\xampp\htdocs\ysjr\haoidcn\Runtime\Cache\Admin\5645a377a11b243df593d634442596d2.php 第 96 行.
NOTIC: [8] Undefined index: sh_two C:\xampp\htdocs\ysjr\haoidcn\Runtime\Cache\Admin\5645a377a11b243df593d634442596d2.php 第 100 行.
NOTIC: [8] Undefined index: sh_block1 C:\xampp\htdocs\ysjr\haoidcn\Runtime\Cache\Admin\5645a377a11b243df593d634442596d2.php 第 106 行.
NOTIC: [8] Undefined index: sh_two06 C:\xampp\htdocs\ysjr\haoidcn\Runtime\Cache\Admin\5645a377a11b243df593d634442596d2.php 第 107 行.
NOTIC: [8] Undefined index: sh_two07 C:\xampp\htdocs\ysjr\haoidcn\Runtime\Cache\Admin\5645a377a11b243df593d634442596d2.php 第 114 行.
NOTIC: [8] Undefined index: sh_two09 C:\xampp\htdocs\ysjr\haoidcn\Runtime\Cache\Admin\5645a377a11b243df593d634442596d2.php 第 121 行.
NOTIC: [8] Undefined index: sh_three C:\xampp\htdocs\ysjr\haoidcn\Runtime\Cache\Admin\5645a377a11b243df593d634442596d2.php 第 131 行.
NOTIC: [8] Undefined index: sh_block2 C:\xampp\htdocs\ysjr\haoidcn\Runtime\Cache\Admin\5645a377a11b243df593d634442596d2.php 第 137 行.
NOTIC: [8] Undefined index: sh_two10 C:\xampp\htdocs\ysjr\haoidcn\Runtime\Cache\Admin\5645a377a11b243df593d634442596d2.php 第 138 行.
NOTIC: [8] Undefined index: sh_two11 C:\xampp\htdocs\ysjr\haoidcn\Runtime\Cache\Admin\5645a377a11b243df593d634442596d2.php 第 139 行.
NOTIC: [8] Undefined index: sh_two12 C:\xampp\htdocs\ysjr\haoidcn\Runtime\Cache\Admin\5645a377a11b243df593d634442596d2.php 第 146 行.
NOTIC: [8] Undefined index: sh_four C:\xampp\htdocs\ysjr\haoidcn\Runtime\Cache\Admin\5645a377a11b243df593d634442596d2.php 第 149 行.
NOTIC: [8] Undefined index: sh_block3 C:\xampp\htdocs\ysjr\haoidcn\Runtime\Cache\Admin\5645a377a11b243df593d634442596d2.php 第 150 行.
NOTIC: [8] Undefined index: sh_two13 C:\xampp\htdocs\ysjr\haoidcn\Runtime\Cache\Admin\5645a377a11b243df593d634442596d2.php 第 151 行.
NOTIC: [8] Undefined index: sh_two14 C:\xampp\htdocs\ysjr\haoidcn\Runtime\Cache\Admin\5645a377a11b243df593d634442596d2.php 第 152 行.
NOTIC: [8] Undefined index: sh_five C:\xampp\htdocs\ysjr\haoidcn\Runtime\Cache\Admin\5645a377a11b243df593d634442596d2.php 第 156 行.
NOTIC: [8] Undefined index: sh_block4 C:\xampp\htdocs\ysjr\haoidcn\Runtime\Cache\Admin\5645a377a11b243df593d634442596d2.php 第 157 行.
NOTIC: [8] Undefined index: sh_two15 C:\xampp\htdocs\ysjr\haoidcn\Runtime\Cache\Admin\5645a377a11b243df593d634442596d2.php 第 158 行.
NOTIC: [8] Undefined index: sh_two16 C:\xampp\htdocs\ysjr\haoidcn\Runtime\Cache\Admin\5645a377a11b243df593d634442596d2.php 第 159 行.
NOTIC: [8] Undefined index: sh_two17 C:\xampp\htdocs\ysjr\haoidcn\Runtime\Cache\Admin\5645a377a11b243df593d634442596d2.php 第 165 行.
NOTIC: [8] Undefined index: sh_two19 C:\xampp\htdocs\ysjr\haoidcn\Runtime\Cache\Admin\5645a377a11b243df593d634442596d2.php 第 167 行.
NOTIC: [8] Undefined index: sh C:\xampp\htdocs\ysjr\haoidcn\Runtime\Cache\Admin\5645a377a11b243df593d634442596d2.php 第 168 行.
NOTIC: [8] Undefined index: sh_two20 C:\xampp\htdocs\ysjr\haoidcn\Runtime\Cache\Admin\5645a377a11b243df593d634442596d2.php 第 169 行.
NOTIC: [8] Undefined index: aa C:\xampp\htdocs\ysjr\haoidcn\Runtime\Cache\Admin\5645a377a11b243df593d634442596d2.php 第 173 行.
NOTIC: [8] Undefined index: sh_block7 C:\xampp\htdocs\ysjr\haoidcn\Runtime\Cache\Admin\5645a377a11b243df593d634442596d2.php 第 174 行.
NOTIC: [8] Undefined index: sh_two30 C:\xampp\htdocs\ysjr\haoidcn\Runtime\Cache\Admin\5645a377a11b243df593d634442596d2.php 第 175 行.
NOTIC: [8] Undefined index: sh_two31 C:\xampp\htdocs\ysjr\haoidcn\Runtime\Cache\Admin\5645a377a11b243df593d634442596d2.php 第 176 行.
NOTIC: [8] Undefined index: bb C:\xampp\htdocs\ysjr\haoidcn\Runtime\Cache\Admin\5645a377a11b243df593d634442596d2.php 第 181 行.
NOTIC: [8] Undefined index: sh_block8 C:\xampp\htdocs\ysjr\haoidcn\Runtime\Cache\Admin\5645a377a11b243df593d634442596d2.php 第 182 行.
NOTIC: [8] Undefined index: sh_two32 C:\xampp\htdocs\ysjr\haoidcn\Runtime\Cache\Admin\5645a377a11b243df593d634442596d2.php 第 183 行.
NOTIC: [8] Undefined index: sh_seven C:\xampp\htdocs\ysjr\haoidcn\Runtime\Cache\Admin\5645a377a11b243df593d634442596d2.php 第 187 行.
NOTIC: [8] Undefined index: sh_block6 C:\xampp\htdocs\ysjr\haoidcn\Runtime\Cache\Admin\5645a377a11b243df593d634442596d2.php 第 188 行.
NOTIC: [8] Undefined index: sh_two21 C:\xampp\htdocs\ysjr\haoidcn\Runtime\Cache\Admin\5645a377a11b243df593d634442596d2.php 第 189 行.
NOTIC: [8] Undefined index: sh_two23 C:\xampp\htdocs\ysjr\haoidcn\Runtime\Cache\Admin\5645a377a11b243df593d634442596d2.php 第 190 行.
NOTIC: [8] Undefined index: sh_two24 C:\xampp\htdocs\ysjr\haoidcn\Runtime\Cache\Admin\5645a377a11b243df593d634442596d2.php 第 191 行.
NOTIC: [8] Undefined index: sh_two28 C:\xampp\htdocs\ysjr\haoidcn\Runtime\Cache\Admin\5645a377a11b243df593d634442596d2.php 第 192 行.
NOTIC: [8] Undefined index: sh_two29 C:\xampp\htdocs\ysjr\haoidcn\Runtime\Cache\Admin\5645a377a11b243df593d634442596d2.php 第 193 行.
NOTIC: [8] Undefined index: sh_two26 C:\xampp\htdocs\ysjr\haoidcn\Runtime\Cache\Admin\5645a377a11b243df593d634442596d2.php 第 194 行.
NOTIC: [8] Undefined index: sh_two27 C:\xampp\htdocs\ysjr\haoidcn\Runtime\Cache\Admin\5645a377a11b243df593d634442596d2.php 第 195 行.
INFO: Run Behavior\ParseTemplateBehavior [ RunTime:0.053003s ]
INFO: [ view_parse ] --END-- [ RunTime:0.053003s ]
INFO: [ view_filter ] --START--
INFO: Run Behavior\WriteHtmlCacheBehavior [ RunTime:0.021001s ]
INFO: [ view_filter ] --END-- [ RunTime:0.021001s ]
INFO: [ app_end ] --START--
INFO: Run Behavior\ShowPageTraceBehavior [ RunTime:0.041003s ]
INFO: [ app_end ] --END-- [ RunTime:0.042003s ]

[ 2017-04-06T17:09:52+08:00 ] 127.0.0.1 /index.php/Article/agreement.html
INFO: [ app_init ] --START--
INFO: Run Behavior\BuildLiteBehavior [ RunTime:0.000000s ]
INFO: [ app_init ] --END-- [ RunTime:0.001000s ]
INFO: [ app_begin ] --START--
INFO: Run Behavior\ReadHtmlCacheBehavior [ RunTime:0.002000s ]
INFO: [ app_begin ] --END-- [ RunTime:0.002000s ]
NOTIC: [8] A session had already been started - ignoring session_start() C:\xampp\htdocs\ysjr\haoidcn\Admin\Controller\CommonController.class.php 第 11 行.
SQL: SHOW COLUMNS FROM `haoidcn_user` [ RunTime:0.0080s ]
SQL: SELECT * FROM `haoidcn_user` WHERE ( userid='admin' ) LIMIT 1   [ RunTime:0.0010s ]
SQL: SHOW COLUMNS FROM `haoidcn_user` [ RunTime:0.0080s ]
SQL: SHOW COLUMNS FROM `haoidcn_user_money_info` [ RunTime:0.0080s ]
SQL: SHOW COLUMNS FROM `haoidcn_bank_info` [ RunTime:0.0080s ]
SQL: SHOW COLUMNS FROM `haoidcn_user_work` [ RunTime:0.0080s ]
SQL: SELECT `id` FROM `haoidcn_user` WHERE ( limits=2 )  [ RunTime:0.0000s ]
SQL: select * from haoidcn_user_money_info as a left join haoidcn_user_work as b ON a.phone=b.phone where is_adopt=0 [ RunTime:0.0010s ]
SQL: SELECT * FROM `haoidcn_user` WHERE ( limits=3 and city='承德市' ) LIMIT 1   [ RunTime:0.0010s ]
SQL: SELECT * FROM `haoidcn_user` WHERE ( id='10' ) LIMIT 1   [ RunTime:0.0000s ]
SQL: UPDATE `haoidcn_user_money_info` SET `loan_people`='shenhe01(审)' WHERE ( is_adopt = 0  and phone='15128937771' ) [ RunTime:0.0010s ]
SQL: SELECT * FROM `haoidcn_user` WHERE ( limits=3 and city='贵港市' ) LIMIT 1   [ RunTime:0.0010s ]
SQL: SELECT * FROM `haoidcn_user` WHERE ( id='8' ) LIMIT 1   [ RunTime:0.0000s ]
SQL: UPDATE `haoidcn_user_money_info` SET `loan_people`='shenhe02(审)' WHERE ( is_adopt = 0  and phone='18078048136' ) [ RunTime:0.0000s ]
SQL: SELECT * FROM `haoidcn_user` WHERE ( limits=3 and city='市辖区' ) LIMIT 1   [ RunTime:0.0010s ]
SQL: SELECT * FROM `haoidcn_user` WHERE ( id='11' ) LIMIT 1   [ RunTime:0.0000s ]
SQL: UPDATE `haoidcn_user_money_info` SET `loan_people`='shenhe03(审)' WHERE ( is_adopt = 0  and phone='13896333391' ) [ RunTime:0.0010s ]
SQL: SELECT * FROM `haoidcn_user` WHERE ( limits=3 and city='太原市' ) LIMIT 1   [ RunTime:0.0010s ]
SQL: SELECT * FROM `haoidcn_user` WHERE ( id='10' ) LIMIT 1   [ RunTime:0.0000s ]
SQL: UPDATE `haoidcn_user_money_info` SET `loan_people`='shenhe01(审)' WHERE ( is_adopt = 0  and phone='13934591555' ) [ RunTime:0.0010s ]
SQL: SELECT * FROM `haoidcn_user` WHERE ( limits=3 and city='南宁市' ) LIMIT 1   [ RunTime:0.0000s ]
SQL: SELECT * FROM `haoidcn_user` WHERE ( id='8' ) LIMIT 1   [ RunTime:0.0000s ]
SQL: UPDATE `haoidcn_user_money_info` SET `loan_people`='shenhe02(审)' WHERE ( is_adopt = 0  and phone='15778305523' ) [ RunTime:0.0010s ]
SQL: SELECT * FROM `haoidcn_user` WHERE ( limits=3 and city='成都市' ) LIMIT 1   [ RunTime:0.0000s ]
SQL: SELECT * FROM `haoidcn_user` WHERE ( id='11' ) LIMIT 1   [ RunTime:0.0010s ]
SQL: UPDATE `haoidcn_user_money_info` SET `loan_people`='shenhe03(审)' WHERE ( is_adopt = 0  and phone='18308241587' ) [ RunTime:0.0000s ]
SQL: SELECT * FROM `haoidcn_user` WHERE ( limits=3 and city='成都市' ) LIMIT 1   [ RunTime:0.0000s ]
SQL: SELECT * FROM `haoidcn_user` WHERE ( id='10' ) LIMIT 1   [ RunTime:0.0010s ]
SQL: UPDATE `haoidcn_user_money_info` SET `loan_people`='shenhe01(审)' WHERE ( is_adopt = 0  and phone='15902807744' ) [ RunTime:0.0000s ]
SQL: SELECT * FROM `haoidcn_user` WHERE ( limits=3 and city='台州市' ) LIMIT 1   [ RunTime:0.0010s ]
SQL: SELECT * FROM `haoidcn_user` WHERE ( id='8' ) LIMIT 1   [ RunTime:0.0010s ]
SQL: UPDATE `haoidcn_user_money_info` SET `loan_people`='shenhe02(审)' WHERE ( is_adopt = 0  and phone='13221617730' ) [ RunTime:0.0000s ]
SQL: SELECT * FROM `haoidcn_user` WHERE ( limits=3 and city='吕梁市' ) LIMIT 1   [ RunTime:0.0000s ]
SQL: SELECT * FROM `haoidcn_user` WHERE ( id='11' ) LIMIT 1   [ RunTime:0.0010s ]
SQL: UPDATE `haoidcn_user_money_info` SET `loan_people`='shenhe03(审)' WHERE ( is_adopt = 0  and phone='18135411117' ) [ RunTime:0.0010s ]
SQL: SELECT * FROM `haoidcn_user` WHERE ( limits=3 and city='深圳市' ) LIMIT 1   [ RunTime:0.0000s ]
SQL: SELECT * FROM `haoidcn_user` WHERE ( id='10' ) LIMIT 1   [ RunTime:0.0010s ]
SQL: UPDATE `haoidcn_user_money_info` SET `loan_people`='shenhe01(审)' WHERE ( is_adopt = 0  and phone='13713669836' ) [ RunTime:0.0000s ]
SQL: SELECT * FROM `haoidcn_user` WHERE ( limits=3 and city='泉州市' ) LIMIT 1   [ RunTime:0.0000s ]
SQL: UPDATE `haoidcn_user_money_info` SET `loan_people`='daili02(代)' WHERE ( is_adopt = 0 and phone='13805946646' ) [ RunTime:0.0010s ]
SQL: SELECT * FROM `haoidcn_user` WHERE ( limits=3 and city='马鞍山市' ) LIMIT 1   [ RunTime:0.0000s ]
SQL: SELECT * FROM `haoidcn_user` WHERE ( id='8' ) LIMIT 1   [ RunTime:0.0000s ]
SQL: UPDATE `haoidcn_user_money_info` SET `loan_people`='shenhe02(审)' WHERE ( is_adopt = 0  and phone='15555581612' ) [ RunTime:0.0010s ]
SQL: SELECT * FROM `haoidcn_user` WHERE ( limits=3 and city='衡阳市' ) LIMIT 1   [ RunTime:0.0000s ]
SQL: SELECT * FROM `haoidcn_user` WHERE ( id='11' ) LIMIT 1   [ RunTime:0.0000s ]
SQL: UPDATE `haoidcn_user_money_info` SET `loan_people`='shenhe03(审)' WHERE ( is_adopt = 0  and phone='15115487856' ) [ RunTime:0.0000s ]
SQL: SELECT * FROM `haoidcn_user` WHERE ( limits=3 and city='海口市' ) LIMIT 1   [ RunTime:0.0000s ]
SQL: SELECT * FROM `haoidcn_user` WHERE ( id='10' ) LIMIT 1   [ RunTime:0.0010s ]
SQL: UPDATE `haoidcn_user_money_info` SET `loan_people`='shenhe01(审)' WHERE ( is_adopt = 0  and phone='13658248456' ) [ RunTime:0.0000s ]
SQL: SELECT * FROM `haoidcn_user` WHERE ( limits=3 and city='沈阳市' ) LIMIT 1   [ RunTime:0.0000s ]
SQL: SELECT * FROM `haoidcn_user` WHERE ( id='8' ) LIMIT 1   [ RunTime:0.0010s ]
SQL: UPDATE `haoidcn_user_money_info` SET `loan_people`='shenhe02(审)' WHERE ( is_adopt = 0  and phone='13840045083' ) [ RunTime:0.0000s ]
SQL: SELECT * FROM `haoidcn_user` WHERE ( limits=3 and city='河源市' ) LIMIT 1   [ RunTime:0.0000s ]
SQL: SELECT * FROM `haoidcn_user` WHERE ( id='11' ) LIMIT 1   [ RunTime:0.0000s ]
SQL: UPDATE `haoidcn_user_money_info` SET `loan_people`='shenhe03(审)' WHERE ( is_adopt = 0  and phone='18316916783' ) [ RunTime:0.0000s ]
SQL: SELECT * FROM `haoidcn_user` WHERE ( limits=3 and city='市辖区' ) LIMIT 1   [ RunTime:0.0010s ]
SQL: SELECT * FROM `haoidcn_user` WHERE ( id='10' ) LIMIT 1   [ RunTime:0.0000s ]
SQL: UPDATE `haoidcn_user_money_info` SET `loan_people`='shenhe01(审)' WHERE ( is_adopt = 0  and phone='18182208512' ) [ RunTime:0.0000s ]
SQL: SELECT * FROM `haoidcn_user` WHERE ( limits=3 and city='' ) LIMIT 1   [ RunTime:0.0010s ]
SQL: SELECT * FROM `haoidcn_user` WHERE ( id='8' ) LIMIT 1   [ RunTime:0.0000s ]
SQL: UPDATE `haoidcn_user_money_info` SET `loan_people`='shenhe02(审)' WHERE ( is_adopt = 0  and phone='' ) [ RunTime:0.0000s ]
SQL: SHOW COLUMNS FROM `haoidcn_xuesheng` [ RunTime:0.0040s ]
SQL: SELECT * FROM `haoidcn_xuesheng` INNER JOIN haoidcn_user_money_info as a ON haoidcn_xuesheng.phone=a.phone  WHERE ( a.is_adopt=0 )  [ RunTime:0.0000s ]
SQL: SHOW COLUMNS FROM `haoidcn_payment_list` [ RunTime:0.0040s ]
SQL: SELECT * FROM `haoidcn_payment_list`  [ RunTime:0.0000s ]
SQL: UPDATE `haoidcn_payment_list` SET `is_overdue`='1',`yuqi_time`='203' WHERE ( id='4' ) [ RunTime:0.0000s ]
SQL: UPDATE `haoidcn_payment_list` SET `is_overdue`='1',`yuqi_time`='191' WHERE ( id='6' ) [ RunTime:0.0000s ]
SQL: UPDATE `haoidcn_payment_list` SET `is_overdue`='1',`yuqi_time`='17262' WHERE ( id='7' ) [ RunTime:0.0000s ]
SQL: SELECT COUNT(*) AS tp_count FROM `haoidcn_bank_info` WHERE ( is_payment=0 ) LIMIT 1   [ RunTime:0.0010s ]
NOTIC: [8] Undefined variable: Page C:\xampp\htdocs\ysjr\haoidcn\Admin\Controller\CommonController.class.php 第 96 行.
NOTIC: [8] Trying to get property of non-object C:\xampp\htdocs\ysjr\haoidcn\Admin\Controller\CommonController.class.php 第 96 行.
NOTIC: [8] Undefined variable: Page C:\xampp\htdocs\ysjr\haoidcn\Admin\Controller\CommonController.class.php 第 96 行.
NOTIC: [8] Trying to get property of non-object C:\xampp\htdocs\ysjr\haoidcn\Admin\Controller\CommonController.class.php 第 96 行.
SQL: SELECT COUNT(*) AS tp_count FROM `haoidcn_user_money_info` INNER JOIN haoidcn_user_mobile ON haoidcn_user_money_info.phone=haoidcn_user_mobile.phone INNER JOIN haoidcn_weixin_img ON haoidcn_user_money_info.openid=haoidcn_weixin_img.openid  WHERE ( haoidcn_user_money_info.is_adopt=0 and haoidcn_user_money_info.is_adopt!=-1 and haoidcn_user_money_info.is_adopt!=3 ) ORDER BY apply_time desc LIMIT 1   [ RunTime:0.0000s ]
SQL: SELECT COUNT(*) AS tp_count FROM `haoidcn_user_money_info` INNER JOIN haoidcn_bank_info as a ON haoidcn_user_money_info.phone=a.phone INNER JOIN haoidcn_service as b ON haoidcn_user_money_info.phone=b.phone  WHERE ( state=1 and is_payment=1 and is_loan=0  and is_adopt=1 and a.condition=0 and repayment_state=0 ) LIMIT 1   [ RunTime:0.0010s ]
SQL: SELECT COUNT(*) AS tp_count FROM `haoidcn_payment_list` WHERE ( is_repayment=0 ) LIMIT 1   [ RunTime:0.0000s ]
SQL: SHOW COLUMNS FROM `haoidcn_agreement` [ RunTime:0.0440s ]
SQL: SELECT * FROM `haoidcn_agreement`  [ RunTime:0.0330s ]
INFO: [ view_parse ] --START--
INFO: [ template_filter ] --START--
INFO: Run Behavior\ContentReplaceBehavior [ RunTime:0.000000s ]
INFO: [ template_filter ] --END-- [ RunTime:0.000000s ]
NOTIC: [8] Undefined variable: set C:\xampp\htdocs\ysjr\haoidcn\Runtime\Cache\Admin\c9a488f8c664ccab73f2aeb23cf2ddb2.php 第 66 行.
NOTIC: [8] Undefined index: sh_one C:\xampp\htdocs\ysjr\haoidcn\Runtime\Cache\Admin\c9a488f8c664ccab73f2aeb23cf2ddb2.php 第 69 行.
NOTIC: [8] Undefined index: sh_block C:\xampp\htdocs\ysjr\haoidcn\Runtime\Cache\Admin\c9a488f8c664ccab73f2aeb23cf2ddb2.php 第 73 行.
NOTIC: [8] Undefined index: sh_two01 C:\xampp\htdocs\ysjr\haoidcn\Runtime\Cache\Admin\c9a488f8c664ccab73f2aeb23cf2ddb2.php 第 74 行.
NOTIC: [8] Undefined index: sh_two01 C:\xampp\htdocs\ysjr\haoidcn\Runtime\Cache\Admin\c9a488f8c664ccab73f2aeb23cf2ddb2.php 第 75 行.
NOTIC: [8] Undefined index: sh_two02 C:\xampp\htdocs\ysjr\haoidcn\Runtime\Cache\Admin\c9a488f8c664ccab73f2aeb23cf2ddb2.php 第 76 行.
NOTIC: [8] Undefined index: sh_two03 C:\xampp\htdocs\ysjr\haoidcn\Runtime\Cache\Admin\c9a488f8c664ccab73f2aeb23cf2ddb2.php 第 81 行.
NOTIC: [8] Undefined index: sh_two04 C:\xampp\htdocs\ysjr\haoidcn\Runtime\Cache\Admin\c9a488f8c664ccab73f2aeb23cf2ddb2.php 第 82 行.
NOTIC: [8] Undefined index: sh_two05 C:\xampp\htdocs\ysjr\haoidcn\Runtime\Cache\Admin\c9a488f8c664ccab73f2aeb23cf2ddb2.php 第 83 行.
NOTIC: [8] Undefined index: sh_two C:\xampp\htdocs\ysjr\haoidcn\Runtime\Cache\Admin\c9a488f8c664ccab73f2aeb23cf2ddb2.php 第 87 行.
NOTIC: [8] Undefined index: sh_block1 C:\xampp\htdocs\ysjr\haoidcn\Runtime\Cache\Admin\c9a488f8c664ccab73f2aeb23cf2ddb2.php 第 93 行.
NOTIC: [8] Undefined index: sh_two06 C:\xampp\htdocs\ysjr\haoidcn\Runtime\Cache\Admin\c9a488f8c664ccab73f2aeb23cf2ddb2.php 第 94 行.
NOTIC: [8] Undefined index: sh_two07 C:\xampp\htdocs\ysjr\haoidcn\Runtime\Cache\Admin\c9a488f8c664ccab73f2aeb23cf2ddb2.php 第 101 行.
NOTIC: [8] Undefined index: sh_two09 C:\xampp\htdocs\ysjr\haoidcn\Runtime\Cache\Admin\c9a488f8c664ccab73f2aeb23cf2ddb2.php 第 108 行.
NOTIC: [8] Undefined index: sh_three C:\xampp\htdocs\ysjr\haoidcn\Runtime\Cache\Admin\c9a488f8c664ccab73f2aeb23cf2ddb2.php 第 118 行.
NOTIC: [8] Undefined index: sh_block2 C:\xampp\htdocs\ysjr\haoidcn\Runtime\Cache\Admin\c9a488f8c664ccab73f2aeb23cf2ddb2.php 第 124 行.
NOTIC: [8] Undefined index: sh_two10 C:\xampp\htdocs\ysjr\haoidcn\Runtime\Cache\Admin\c9a488f8c664ccab73f2aeb23cf2ddb2.php 第 125 行.
NOTIC: [8] Undefined index: sh_two11 C:\xampp\htdocs\ysjr\haoidcn\Runtime\Cache\Admin\c9a488f8c664ccab73f2aeb23cf2ddb2.php 第 126 行.
NOTIC: [8] Undefined index: sh_two12 C:\xampp\htdocs\ysjr\haoidcn\Runtime\Cache\Admin\c9a488f8c664ccab73f2aeb23cf2ddb2.php 第 133 行.
NOTIC: [8] Undefined index: sh_four C:\xampp\htdocs\ysjr\haoidcn\Runtime\Cache\Admin\c9a488f8c664ccab73f2aeb23cf2ddb2.php 第 136 行.
NOTIC: [8] Undefined index: sh_block3 C:\xampp\htdocs\ysjr\haoidcn\Runtime\Cache\Admin\c9a488f8c664ccab73f2aeb23cf2ddb2.php 第 137 行.
NOTIC: [8] Undefined index: sh_two13 C:\xampp\htdocs\ysjr\haoidcn\Runtime\Cache\Admin\c9a488f8c664ccab73f2aeb23cf2ddb2.php 第 138 行.
NOTIC: [8] Undefined index: sh_two14 C:\xampp\htdocs\ysjr\haoidcn\Runtime\Cache\Admin\c9a488f8c664ccab73f2aeb23cf2ddb2.php 第 139 行.
NOTIC: [8] Undefined index: sh_five C:\xampp\htdocs\ysjr\haoidcn\Runtime\Cache\Admin\c9a488f8c664ccab73f2aeb23cf2ddb2.php 第 143 行.
NOTIC: [8] Undefined index: sh_block4 C:\xampp\htdocs\ysjr\haoidcn\Runtime\Cache\Admin\c9a488f8c664ccab73f2aeb23cf2ddb2.php 第 144 行.
NOTIC: [8] Undefined index: sh_two15 C:\xampp\htdocs\ysjr\haoidcn\Runtime\Cache\Admin\c9a488f8c664ccab73f2aeb23cf2ddb2.php 第 145 行.
NOTIC: [8] Undefined index: sh_two16 C:\xampp\htdocs\ysjr\haoidcn\Runtime\Cache\Admin\c9a488f8c664ccab73f2aeb23cf2ddb2.php 第 146 行.
NOTIC: [8] Undefined index: sh_two17 C:\xampp\htdocs\ysjr\haoidcn\Runtime\Cache\Admin\c9a488f8c664ccab73f2aeb23cf2ddb2.php 第 152 行.
NOTIC: [8] Undefined index: sh_two18 C:\xampp\htdocs\ysjr\haoidcn\Runtime\Cache\Admin\c9a488f8c664ccab73f2aeb23cf2ddb2.php 第 153 行.
NOTIC: [8] Undefined index: sh_two19 C:\xampp\htdocs\ysjr\haoidcn\Runtime\Cache\Admin\c9a488f8c664ccab73f2aeb23cf2ddb2.php 第 154 行.
NOTIC: [8] Undefined index: sh C:\xampp\htdocs\ysjr\haoidcn\Runtime\Cache\Admin\c9a488f8c664ccab73f2aeb23cf2ddb2.php 第 155 行.
NOTIC: [8] Undefined index: aa C:\xampp\htdocs\ysjr\haoidcn\Runtime\Cache\Admin\c9a488f8c664ccab73f2aeb23cf2ddb2.php 第 160 行.
NOTIC: [8] Undefined index: sh_block7 C:\xampp\htdocs\ysjr\haoidcn\Runtime\Cache\Admin\c9a488f8c664ccab73f2aeb23cf2ddb2.php 第 161 行.
NOTIC: [8] Undefined index: sh_two30 C:\xampp\htdocs\ysjr\haoidcn\Runtime\Cache\Admin\c9a488f8c664ccab73f2aeb23cf2ddb2.php 第 162 行.
NOTIC: [8] Undefined index: sh_two31 C:\xampp\htdocs\ysjr\haoidcn\Runtime\Cache\Admin\c9a488f8c664ccab73f2aeb23cf2ddb2.php 第 163 行.
NOTIC: [8] Undefined index: bb C:\xampp\htdocs\ysjr\haoidcn\Runtime\Cache\Admin\c9a488f8c664ccab73f2aeb23cf2ddb2.php 第 168 行.
NOTIC: [8] Undefined index: sh_block8 C:\xampp\htdocs\ysjr\haoidcn\Runtime\Cache\Admin\c9a488f8c664ccab73f2aeb23cf2ddb2.php 第 169 行.
NOTIC: [8] Undefined index: sh_two32 C:\xampp\htdocs\ysjr\haoidcn\Runtime\Cache\Admin\c9a488f8c664ccab73f2aeb23cf2ddb2.php 第 170 行.
NOTIC: [8] Undefined index: sh_seven C:\xampp\htdocs\ysjr\haoidcn\Runtime\Cache\Admin\c9a488f8c664ccab73f2aeb23cf2ddb2.php 第 174 行.
NOTIC: [8] Undefined index: sh_block6 C:\xampp\htdocs\ysjr\haoidcn\Runtime\Cache\Admin\c9a488f8c664ccab73f2aeb23cf2ddb2.php 第 175 行.
NOTIC: [8] Undefined index: sh_two21 C:\xampp\htdocs\ysjr\haoidcn\Runtime\Cache\Admin\c9a488f8c664ccab73f2aeb23cf2ddb2.php 第 176 行.
NOTIC: [8] Undefined index: sh_two23 C:\xampp\htdocs\ysjr\haoidcn\Runtime\Cache\Admin\c9a488f8c664ccab73f2aeb23cf2ddb2.php 第 177 行.
NOTIC: [8] Undefined index: sh_two24 C:\xampp\htdocs\ysjr\haoidcn\Runtime\Cache\Admin\c9a488f8c664ccab73f2aeb23cf2ddb2.php 第 178 行.
NOTIC: [8] Undefined index: sh_two28 C:\xampp\htdocs\ysjr\haoidcn\Runtime\Cache\Admin\c9a488f8c664ccab73f2aeb23cf2ddb2.php 第 179 行.
NOTIC: [8] Undefined index: sh_two29 C:\xampp\htdocs\ysjr\haoidcn\Runtime\Cache\Admin\c9a488f8c664ccab73f2aeb23cf2ddb2.php 第 180 行.
NOTIC: [8] Undefined index: sh_two26 C:\xampp\htdocs\ysjr\haoidcn\Runtime\Cache\Admin\c9a488f8c664ccab73f2aeb23cf2ddb2.php 第 181 行.
NOTIC: [8] Undefined index: sh_two27 C:\xampp\htdocs\ysjr\haoidcn\Runtime\Cache\Admin\c9a488f8c664ccab73f2aeb23cf2ddb2.php 第 182 行.
INFO: Run Behavior\ParseTemplateBehavior [ RunTime:0.204011s ]
INFO: [ view_parse ] --END-- [ RunTime:0.204011s ]
INFO: [ view_filter ] --START--
INFO: Run Behavior\WriteHtmlCacheBehavior [ RunTime:0.001000s ]
INFO: [ view_filter ] --END-- [ RunTime:0.001000s ]
INFO: [ app_end ] --START--
INFO: Run Behavior\ShowPageTraceBehavior [ RunTime:0.001001s ]
INFO: [ app_end ] --END-- [ RunTime:0.001001s ]

