[ 2017-04-11T15:13:01+08:00 ] 127.0.0.1 /index.php/Wechat/index
INFO: [ app_init ] --START--
INFO: Run Behavior\BuildLiteBehavior [ RunTime:0.000000s ]
INFO: [ app_init ] --END-- [ RunTime:0.001000s ]
INFO: [ app_begin ] --START--
INFO: Run Behavior\ReadHtmlCacheBehavior [ RunTime:0.001000s ]
INFO: [ app_begin ] --END-- [ RunTime:0.001000s ]
ERR: Class 'Admin\Controller\WechatController' not found

[ 2017-04-11T15:13:28+08:00 ] 127.0.0.1 /index.php/Wechat/index
INFO: [ app_init ] --START--
INFO: Run Behavior\BuildLiteBehavior [ RunTime:0.000000s ]
INFO: [ app_init ] --END-- [ RunTime:0.001000s ]
INFO: [ app_begin ] --START--
INFO: Run Behavior\ReadHtmlCacheBehavior [ RunTime:0.001000s ]
INFO: [ app_begin ] --END-- [ RunTime:0.001000s ]
ERR: Class 'Admin\Controller\WechatController' not found

[ 2017-04-11T15:16:57+08:00 ] 127.0.0.1 /index.php/Wechat/valid
INFO: [ app_init ] --START--
INFO: Run Behavior\BuildLiteBehavior [ RunTime:0.000000s ]
INFO: [ app_init ] --END-- [ RunTime:0.001000s ]
INFO: [ app_begin ] --START--
INFO: Run Behavior\ReadHtmlCacheBehavior [ RunTime:0.001000s ]
INFO: [ app_begin ] --END-- [ RunTime:0.001000s ]
NOTIC: [8] Undefined index: echostr C:\xampp\htdocs\ysjr\ysjr\Admin\Controller\WechatController.class.php 第 10 行.
NOTIC: [8] Undefined index: signature C:\xampp\htdocs\ysjr\ysjr\Admin\Controller\WechatController.class.php 第 355 行.
NOTIC: [8] Undefined index: timestamp C:\xampp\htdocs\ysjr\ysjr\Admin\Controller\WechatController.class.php 第 356 行.
NOTIC: [8] Undefined index: nonce C:\xampp\htdocs\ysjr\ysjr\Admin\Controller\WechatController.class.php 第 357 行.
INFO: [ app_end ] --START--
INFO: Run Behavior\ShowPageTraceBehavior [ RunTime:0.007001s ]
INFO: [ app_end ] --END-- [ RunTime:0.007001s ]

[ 2017-04-11T15:17:08+08:00 ] 127.0.0.1 /index.php/Wechat/index
INFO: [ app_init ] --START--
INFO: Run Behavior\BuildLiteBehavior [ RunTime:0.000000s ]
INFO: [ app_init ] --END-- [ RunTime:0.001000s ]
INFO: [ app_begin ] --START--
INFO: Run Behavior\ReadHtmlCacheBehavior [ RunTime:0.000000s ]
INFO: [ app_begin ] --END-- [ RunTime:0.000000s ]
NOTIC: [8] Undefined index: HTTP_RAW_POST_DATA C:\xampp\htdocs\ysjr\ysjr\Admin\Controller\WechatController.class.php 第 19 行.

[ 2017-04-11T15:20:50+08:00 ] 127.0.0.1 /index.php/Wechat/valid
INFO: [ app_init ] --START--
INFO: Run Behavior\BuildLiteBehavior [ RunTime:0.000000s ]
INFO: [ app_init ] --END-- [ RunTime:0.000000s ]
INFO: [ app_begin ] --START--
INFO: Run Behavior\ReadHtmlCacheBehavior [ RunTime:0.001000s ]
INFO: [ app_begin ] --END-- [ RunTime:0.001000s ]
NOTIC: [8] Undefined index: echostr C:\xampp\htdocs\ysjr\ysjr\Admin\Controller\WechatController.class.php 第 10 行.
NOTIC: [8] Undefined index: signature C:\xampp\htdocs\ysjr\ysjr\Admin\Controller\WechatController.class.php 第 355 行.
NOTIC: [8] Undefined index: timestamp C:\xampp\htdocs\ysjr\ysjr\Admin\Controller\WechatController.class.php 第 356 行.
NOTIC: [8] Undefined index: nonce C:\xampp\htdocs\ysjr\ysjr\Admin\Controller\WechatController.class.php 第 357 行.
INFO: [ app_end ] --START--
INFO: Run Behavior\ShowPageTraceBehavior [ RunTime:0.000000s ]
INFO: [ app_end ] --END-- [ RunTime:0.000000s ]

[ 2017-04-11T15:21:18+08:00 ] 127.0.0.1 /index.php/Wechat/valid
INFO: [ app_init ] --START--
INFO: Run Behavior\BuildLiteBehavior [ RunTime:0.000000s ]
INFO: [ app_init ] --END-- [ RunTime:0.000000s ]
INFO: [ app_begin ] --START--
INFO: Run Behavior\ReadHtmlCacheBehavior [ RunTime:0.000000s ]
INFO: [ app_begin ] --END-- [ RunTime:0.000000s ]
NOTIC: [8] Undefined index: echostr C:\xampp\htdocs\ysjr\ysjr\Admin\Controller\WechatController.class.php 第 10 行.
NOTIC: [8] Undefined index: signature C:\xampp\htdocs\ysjr\ysjr\Admin\Controller\WechatController.class.php 第 355 行.
NOTIC: [8] Undefined index: timestamp C:\xampp\htdocs\ysjr\ysjr\Admin\Controller\WechatController.class.php 第 356 行.
NOTIC: [8] Undefined index: nonce C:\xampp\htdocs\ysjr\ysjr\Admin\Controller\WechatController.class.php 第 357 行.
INFO: [ app_end ] --START--
INFO: Run Behavior\ShowPageTraceBehavior [ RunTime:0.001000s ]
INFO: [ app_end ] --END-- [ RunTime:0.001000s ]

[ 2017-04-11T15:22:02+08:00 ] 127.0.0.1 /index.php/Wechat/valid
INFO: [ app_init ] --START--
INFO: Run Behavior\BuildLiteBehavior [ RunTime:0.000000s ]
INFO: [ app_init ] --END-- [ RunTime:0.001000s ]
INFO: [ app_begin ] --START--
INFO: Run Behavior\ReadHtmlCacheBehavior [ RunTime:0.001001s ]
INFO: [ app_begin ] --END-- [ RunTime:0.001001s ]
NOTIC: [8] Undefined index: echostr C:\xampp\htdocs\ysjr\ysjr\Admin\Controller\WechatController.class.php 第 10 行.
NOTIC: [8] Undefined index: signature C:\xampp\htdocs\ysjr\ysjr\Admin\Controller\WechatController.class.php 第 355 行.
NOTIC: [8] Undefined index: timestamp C:\xampp\htdocs\ysjr\ysjr\Admin\Controller\WechatController.class.php 第 356 行.
NOTIC: [8] Undefined index: nonce C:\xampp\htdocs\ysjr\ysjr\Admin\Controller\WechatController.class.php 第 357 行.
INFO: [ app_end ] --START--
INFO: Run Behavior\ShowPageTraceBehavior [ RunTime:0.001000s ]
INFO: [ app_end ] --END-- [ RunTime:0.001000s ]

[ 2017-04-11T15:34:45+08:00 ] 127.0.0.1 /index.php/Wechat/valid
INFO: [ app_init ] --START--
INFO: Run Behavior\BuildLiteBehavior [ RunTime:0.000000s ]
INFO: [ app_init ] --END-- [ RunTime:0.001000s ]
INFO: [ app_begin ] --START--
INFO: Run Behavior\ReadHtmlCacheBehavior [ RunTime:0.001000s ]
INFO: [ app_begin ] --END-- [ RunTime:0.001000s ]
NOTIC: [8] Undefined index: echostr C:\xampp\htdocs\ysjr\ysjr\Admin\Controller\WechatController.class.php 第 10 行.
NOTIC: [8] Undefined index: signature C:\xampp\htdocs\ysjr\ysjr\Admin\Controller\WechatController.class.php 第 355 行.
NOTIC: [8] Undefined index: timestamp C:\xampp\htdocs\ysjr\ysjr\Admin\Controller\WechatController.class.php 第 356 行.
NOTIC: [8] Undefined index: nonce C:\xampp\htdocs\ysjr\ysjr\Admin\Controller\WechatController.class.php 第 357 行.
INFO: [ app_end ] --START--
INFO: Run Behavior\ShowPageTraceBehavior [ RunTime:0.000000s ]
INFO: [ app_end ] --END-- [ RunTime:0.000000s ]

[ 2017-04-11T15:34:46+08:00 ] 127.0.0.1 /index.php/Wechat/valid
INFO: [ app_init ] --START--
INFO: Run Behavior\BuildLiteBehavior [ RunTime:0.000000s ]
INFO: [ app_init ] --END-- [ RunTime:0.000000s ]
INFO: [ app_begin ] --START--
INFO: Run Behavior\ReadHtmlCacheBehavior [ RunTime:0.001000s ]
INFO: [ app_begin ] --END-- [ RunTime:0.001000s ]
NOTIC: [8] Undefined index: echostr C:\xampp\htdocs\ysjr\ysjr\Admin\Controller\WechatController.class.php 第 10 行.
NOTIC: [8] Undefined index: signature C:\xampp\htdocs\ysjr\ysjr\Admin\Controller\WechatController.class.php 第 355 行.
NOTIC: [8] Undefined index: timestamp C:\xampp\htdocs\ysjr\ysjr\Admin\Controller\WechatController.class.php 第 356 行.
NOTIC: [8] Undefined index: nonce C:\xampp\htdocs\ysjr\ysjr\Admin\Controller\WechatController.class.php 第 357 行.
INFO: [ app_end ] --START--
INFO: Run Behavior\ShowPageTraceBehavior [ RunTime:0.001000s ]
INFO: [ app_end ] --END-- [ RunTime:0.001000s ]

[ 2017-04-11T15:37:21+08:00 ] 127.0.0.1 /index.php/Wechat/valid
INFO: [ app_init ] --START--
INFO: Run Behavior\BuildLiteBehavior [ RunTime:0.000000s ]
INFO: [ app_init ] --END-- [ RunTime:0.001000s ]
INFO: [ app_begin ] --START--
INFO: Run Behavior\ReadHtmlCacheBehavior [ RunTime:0.000000s ]
INFO: [ app_begin ] --END-- [ RunTime:0.000000s ]
NOTIC: [8] Undefined index: echostr C:\xampp\htdocs\ysjr\ysjr\Admin\Controller\WechatController.class.php 第 10 行.
NOTIC: [8] Undefined index: signature C:\xampp\htdocs\ysjr\ysjr\Admin\Controller\WechatController.class.php 第 355 行.
NOTIC: [8] Undefined index: timestamp C:\xampp\htdocs\ysjr\ysjr\Admin\Controller\WechatController.class.php 第 356 行.
NOTIC: [8] Undefined index: nonce C:\xampp\htdocs\ysjr\ysjr\Admin\Controller\WechatController.class.php 第 357 行.
INFO: [ app_end ] --START--
INFO: Run Behavior\ShowPageTraceBehavior [ RunTime:0.001000s ]
INFO: [ app_end ] --END-- [ RunTime:0.001000s ]

[ 2017-04-11T15:37:23+08:00 ] 127.0.0.1 /index.php/Wechat/valid
INFO: [ app_init ] --START--
INFO: Run Behavior\BuildLiteBehavior [ RunTime:0.000000s ]
INFO: [ app_init ] --END-- [ RunTime:0.000000s ]
INFO: [ app_begin ] --START--
INFO: Run Behavior\ReadHtmlCacheBehavior [ RunTime:0.001000s ]
INFO: [ app_begin ] --END-- [ RunTime:0.001000s ]
NOTIC: [8] Undefined index: echostr C:\xampp\htdocs\ysjr\ysjr\Admin\Controller\WechatController.class.php 第 10 行.
NOTIC: [8] Undefined index: signature C:\xampp\htdocs\ysjr\ysjr\Admin\Controller\WechatController.class.php 第 355 行.
NOTIC: [8] Undefined index: timestamp C:\xampp\htdocs\ysjr\ysjr\Admin\Controller\WechatController.class.php 第 356 行.
NOTIC: [8] Undefined index: nonce C:\xampp\htdocs\ysjr\ysjr\Admin\Controller\WechatController.class.php 第 357 行.
INFO: [ app_end ] --START--
INFO: Run Behavior\ShowPageTraceBehavior [ RunTime:0.001000s ]
INFO: [ app_end ] --END-- [ RunTime:0.001000s ]

[ 2017-04-11T15:47:44+08:00 ] 127.0.0.1 /index.php/Wechat/valid
INFO: [ app_init ] --START--
INFO: Run Behavior\BuildLiteBehavior [ RunTime:0.000000s ]
INFO: [ app_init ] --END-- [ RunTime:0.000000s ]
INFO: [ app_begin ] --START--
INFO: Run Behavior\ReadHtmlCacheBehavior [ RunTime:0.001000s ]
INFO: [ app_begin ] --END-- [ RunTime:0.001000s ]
NOTIC: [8] Undefined index: echostr C:\xampp\htdocs\ysjr\ysjr\Admin\Controller\WechatController.class.php 第 10 行.
NOTIC: [8] Undefined index: signature C:\xampp\htdocs\ysjr\ysjr\Admin\Controller\WechatController.class.php 第 355 行.
NOTIC: [8] Undefined index: timestamp C:\xampp\htdocs\ysjr\ysjr\Admin\Controller\WechatController.class.php 第 356 行.
NOTIC: [8] Undefined index: nonce C:\xampp\htdocs\ysjr\ysjr\Admin\Controller\WechatController.class.php 第 357 行.
INFO: [ app_end ] --START--
INFO: Run Behavior\ShowPageTraceBehavior [ RunTime:0.000000s ]
INFO: [ app_end ] --END-- [ RunTime:0.000000s ]

[ 2017-04-11T15:49:58+08:00 ] 127.0.0.1 /index.php/Weixin/register.html
INFO: [ app_init ] --START--
INFO: Run Behavior\BuildLiteBehavior [ RunTime:0.000000s ]
INFO: [ app_init ] --END-- [ RunTime:0.001000s ]
INFO: [ app_begin ] --START--
INFO: Run Behavior\ReadHtmlCacheBehavior [ RunTime:0.000000s ]
INFO: [ app_begin ] --END-- [ RunTime:0.000000s ]
NOTIC: [8] Undefined index: code C:\xampp\htdocs\ysjr\ysjr\Admin\Controller\WeixinController.class.php 第 35 行.
NOTIC: [8] Undefined index: openid C:\xampp\htdocs\ysjr\ysjr\Admin\Controller\WeixinController.class.php 第 38 行.
NOTIC: [8] Undefined index: openid C:\xampp\htdocs\ysjr\ysjr\Admin\Controller\WeixinController.class.php 第 354 行.
NOTIC: [8] Undefined index: openid C:\xampp\htdocs\ysjr\ysjr\Admin\Controller\WeixinController.class.php 第 357 行.
NOTIC: [8] Undefined index: nickname C:\xampp\htdocs\ysjr\ysjr\Admin\Controller\WeixinController.class.php 第 358 行.
SQL: SHOW COLUMNS FROM `haoidcn_service` [ RunTime:0.0140s ]
SQL: SELECT `phone` FROM `haoidcn_service` WHERE ( openid='' ) LIMIT 1   [ RunTime:0.0000s ]
SQL: SHOW COLUMNS FROM `haoidcn_tuijian` [ RunTime:0.0070s ]
SQL: SELECT * FROM `haoidcn_tuijian` WHERE ( openid='' ) LIMIT 1   [ RunTime:0.0000s ]
SQL: SELECT * FROM `haoidcn_service` WHERE ( id='' ) LIMIT 1   [ RunTime:0.0010s ]
INFO: [ view_parse ] --START--
INFO: [ template_filter ] --START--
INFO: Run Behavior\ContentReplaceBehavior [ RunTime:0.000000s ]
INFO: [ template_filter ] --END-- [ RunTime:0.000000s ]
INFO: Run Behavior\ParseTemplateBehavior [ RunTime:0.037002s ]
INFO: [ view_parse ] --END-- [ RunTime:0.038002s ]
INFO: [ view_filter ] --START--
INFO: Run Behavior\WriteHtmlCacheBehavior [ RunTime:0.011001s ]
INFO: [ view_filter ] --END-- [ RunTime:0.011001s ]
INFO: [ app_end ] --START--
INFO: Run Behavior\ShowPageTraceBehavior [ RunTime:0.001000s ]
INFO: [ app_end ] --END-- [ RunTime:0.002000s ]

[ 2017-04-11T15:50:03+08:00 ] 127.0.0.1 /index.php/Weixin/index
INFO: [ app_init ] --START--
INFO: Run Behavior\BuildLiteBehavior [ RunTime:0.000000s ]
INFO: [ app_init ] --END-- [ RunTime:0.000000s ]
INFO: [ app_begin ] --START--
INFO: Run Behavior\ReadHtmlCacheBehavior [ RunTime:0.001000s ]
INFO: [ app_begin ] --END-- [ RunTime:0.001000s ]
NOTIC: [8] Undefined index: echostr C:\xampp\htdocs\ysjr\thinkphp\Library\Org\Wechat\Wechat.class.php 第 8 行.
NOTIC: [8] Undefined index: signature C:\xampp\htdocs\ysjr\thinkphp\Library\Org\Wechat\Wechat.class.php 第 353 行.
NOTIC: [8] Undefined index: timestamp C:\xampp\htdocs\ysjr\thinkphp\Library\Org\Wechat\Wechat.class.php 第 354 行.
NOTIC: [8] Undefined index: nonce C:\xampp\htdocs\ysjr\thinkphp\Library\Org\Wechat\Wechat.class.php 第 355 行.
NOTIC: [8] Undefined index: HTTP_RAW_POST_DATA C:\xampp\htdocs\ysjr\thinkphp\Library\Org\Wechat\Wechat.class.php 第 17 行.

[ 2017-04-11T15:50:24+08:00 ] 127.0.0.1 /index.php/Weixin/index
INFO: [ app_init ] --START--
INFO: Run Behavior\BuildLiteBehavior [ RunTime:0.000000s ]
INFO: [ app_init ] --END-- [ RunTime:0.001000s ]
INFO: [ app_begin ] --START--
INFO: Run Behavior\ReadHtmlCacheBehavior [ RunTime:0.001000s ]
INFO: [ app_begin ] --END-- [ RunTime:0.001000s ]
NOTIC: [8] Undefined index: echostr C:\xampp\htdocs\ysjr\thinkphp\Library\Org\Wechat\Wechat.class.php 第 8 行.
NOTIC: [8] Undefined index: signature C:\xampp\htdocs\ysjr\thinkphp\Library\Org\Wechat\Wechat.class.php 第 353 行.
NOTIC: [8] Undefined index: timestamp C:\xampp\htdocs\ysjr\thinkphp\Library\Org\Wechat\Wechat.class.php 第 354 行.
NOTIC: [8] Undefined index: nonce C:\xampp\htdocs\ysjr\thinkphp\Library\Org\Wechat\Wechat.class.php 第 355 行.
NOTIC: [8] Undefined index: HTTP_RAW_POST_DATA C:\xampp\htdocs\ysjr\thinkphp\Library\Org\Wechat\Wechat.class.php 第 17 行.

